{"/home/travis/build/npmtest/node-npmtest-csvtojson/test.js":{"path":"/home/travis/build/npmtest/node-npmtest-csvtojson/test.js","s":{"1":2,"2":2,"3":2,"4":2,"5":2,"6":2,"7":2,"8":1,"9":2,"10":2,"11":1,"12":1,"13":1,"14":1,"15":2,"16":2,"17":2,"18":2,"19":1,"20":1,"21":2,"22":2,"23":2,"24":1,"25":1,"26":1,"27":1,"28":1,"29":1,"30":1,"31":1,"32":1,"33":1,"34":1,"35":1,"36":1,"37":2,"38":2,"39":1,"40":2,"41":2,"42":1,"43":2,"44":2,"45":1,"46":2,"47":2,"48":1,"49":1,"50":1,"51":1,"52":1},"b":{"1":[2,1,1,1],"2":[1,1,1,1],"3":[1,1],"4":[1,1],"5":[1,1],"6":[1,1],"7":[1,1],"8":[1,1],"9":[1,1,1],"10":[1,1],"11":[1,1],"12":[1,1],"13":[1,1],"14":[1,1],"15":[1,1],"16":[1,1]},"f":{"1":2,"2":2,"3":2,"4":2,"5":2,"6":1,"7":1,"8":2,"9":2,"10":2,"11":2,"12":1},"fnMap":{"1":{"name":"(anonymous_1)","line":12,"loc":{"start":{"line":12,"column":1},"end":{"line":12,"column":13}}},"2":{"name":"(anonymous_2)","line":19,"loc":{"start":{"line":19,"column":5},"end":{"line":19,"column":17}}},"3":{"name":"(anonymous_3)","line":23,"loc":{"start":{"line":23,"column":24},"end":{"line":23,"column":36}}},"4":{"name":"(anonymous_4)","line":61,"loc":{"start":{"line":61,"column":5},"end":{"line":61,"column":17}}},"5":{"name":"(anonymous_5)","line":82,"loc":{"start":{"line":82,"column":5},"end":{"line":82,"column":17}}},"6":{"name":"(anonymous_6)","line":102,"loc":{"start":{"line":102,"column":83},"end":{"line":105,"column":10}},"skip":true},"7":{"name":"(anonymous_7)","line":113,"loc":{"start":{"line":113,"column":77},"end":{"line":116,"column":10}},"skip":true},"8":{"name":"(anonymous_8)","line":129,"loc":{"start":{"line":129,"column":12},"end":{"line":129,"column":40}},"skip":true},"9":{"name":"(anonymous_9)","line":137,"loc":{"start":{"line":137,"column":77},"end":{"line":140,"column":10}},"skip":true},"10":{"name":"(anonymous_10)","line":148,"loc":{"start":{"line":148,"column":83},"end":{"line":151,"column":10}},"skip":true},"11":{"name":"(anonymous_11)","line":159,"loc":{"start":{"line":159,"column":79},"end":{"line":162,"column":10}},"skip":true},"12":{"name":"(anonymous_12)","line":170,"loc":{"start":{"line":170,"column":75},"end":{"line":173,"column":10}},"skip":true}},"statementMap":{"1":{"start":{"line":12,"column":0},"end":{"line":185,"column":5}},"2":{"start":{"line":14,"column":4},"end":{"line":14,"column":14}},"3":{"start":{"line":19,"column":4},"end":{"line":56,"column":9}},"4":{"start":{"line":21,"column":8},"end":{"line":21,"column":19}},"5":{"start":{"line":23,"column":8},"end":{"line":35,"column":13}},"6":{"start":{"line":24,"column":12},"end":{"line":34,"column":13}},"7":{"start":{"line":25,"column":16},"end":{"line":28,"column":30}},"8":{"start":{"line":30,"column":16},"end":{"line":33,"column":27}},"9":{"start":{"line":37,"column":8},"end":{"line":39,"column":21}},"10":{"start":{"line":40,"column":8},"end":{"line":53,"column":9}},"11":{"start":{"line":43,"column":12},"end":{"line":46,"column":14}},"12":{"start":{"line":47,"column":12},"end":{"line":47,"column":18}},"13":{"start":{"line":50,"column":12},"end":{"line":51,"column":46}},"14":{"start":{"line":52,"column":12},"end":{"line":52,"column":18}},"15":{"start":{"line":55,"column":8},"end":{"line":55,"column":35}},"16":{"start":{"line":61,"column":4},"end":{"line":63,"column":9}},"17":{"start":{"line":62,"column":8},"end":{"line":62,"column":15}},"18":{"start":{"line":64,"column":4},"end":{"line":77,"column":5}},"19":{"start":{"line":70,"column":8},"end":{"line":70,"column":14}},"20":{"start":{"line":76,"column":8},"end":{"line":76,"column":14}},"21":{"start":{"line":82,"column":4},"end":{"line":84,"column":9}},"22":{"start":{"line":83,"column":8},"end":{"line":83,"column":15}},"23":{"start":{"line":85,"column":4},"end":{"line":184,"column":5}},"24":{"start":{"line":92,"column":8},"end":{"line":94,"column":63}},"25":{"start":{"line":95,"column":8},"end":{"line":95,"column":14}},"26":{"start":{"line":102,"column":8},"end":{"line":111,"column":10},"skip":true},"27":{"start":{"line":109,"column":12},"end":{"line":109,"column":55},"skip":true},"28":{"start":{"line":110,"column":12},"end":{"line":110,"column":48},"skip":true},"29":{"start":{"line":113,"column":8},"end":{"line":126,"column":10},"skip":true},"30":{"start":{"line":120,"column":12},"end":{"line":120,"column":76},"skip":true},"31":{"start":{"line":121,"column":12},"end":{"line":121,"column":73},"skip":true},"32":{"start":{"line":122,"column":12},"end":{"line":122,"column":74},"skip":true},"33":{"start":{"line":123,"column":12},"end":{"line":123,"column":79},"skip":true},"34":{"start":{"line":124,"column":12},"end":{"line":124,"column":25},"skip":true},"35":{"start":{"line":125,"column":12},"end":{"line":125,"column":45},"skip":true},"36":{"start":{"line":128,"column":8},"end":{"line":135,"column":14},"skip":true},"37":{"start":{"line":133,"column":16},"end":{"line":133,"column":29},"skip":true},"38":{"start":{"line":134,"column":16},"end":{"line":134,"column":55},"skip":true},"39":{"start":{"line":137,"column":8},"end":{"line":146,"column":10},"skip":true},"40":{"start":{"line":144,"column":12},"end":{"line":144,"column":25},"skip":true},"41":{"start":{"line":145,"column":12},"end":{"line":145,"column":45},"skip":true},"42":{"start":{"line":148,"column":8},"end":{"line":157,"column":10},"skip":true},"43":{"start":{"line":155,"column":12},"end":{"line":155,"column":25},"skip":true},"44":{"start":{"line":156,"column":12},"end":{"line":156,"column":48},"skip":true},"45":{"start":{"line":159,"column":8},"end":{"line":168,"column":10},"skip":true},"46":{"start":{"line":166,"column":12},"end":{"line":166,"column":25},"skip":true},"47":{"start":{"line":167,"column":12},"end":{"line":167,"column":46},"skip":true},"48":{"start":{"line":170,"column":8},"end":{"line":179,"column":10},"skip":true},"49":{"start":{"line":177,"column":12},"end":{"line":177,"column":94},"skip":true},"50":{"start":{"line":178,"column":12},"end":{"line":178,"column":48},"skip":true},"51":{"start":{"line":182,"column":8},"end":{"line":182,"column":35},"skip":true},"52":{"start":{"line":183,"column":8},"end":{"line":183,"column":14},"skip":true}},"branchMap":{"1":{"line":25,"type":"binary-expr","locations":[{"start":{"line":25,"column":23},"end":{"line":25,"column":62}},{"start":{"line":26,"column":20},"end":{"line":26,"column":70}},{"start":{"line":27,"column":20},"end":{"line":27,"column":71}},{"start":{"line":28,"column":20},"end":{"line":28,"column":29}}]},"2":{"line":30,"type":"binary-expr","locations":[{"start":{"line":30,"column":23},"end":{"line":30,"column":37}},{"start":{"line":31,"column":20},"end":{"line":31,"column":61}},{"start":{"line":32,"column":20},"end":{"line":32,"column":70}},{"start":{"line":33,"column":20},"end":{"line":33,"column":26}}]},"3":{"line":37,"type":"cond-expr","locations":[{"start":{"line":38,"column":14},"end":{"line":38,"column":20}},{"start":{"line":39,"column":14},"end":{"line":39,"column":20}}]},"4":{"line":40,"type":"switch","locations":[{"start":{"line":42,"column":8},"end":{"line":47,"column":18}},{"start":{"line":49,"column":8},"end":{"line":52,"column":18}}]},"5":{"line":44,"type":"binary-expr","locations":[{"start":{"line":44,"column":16},"end":{"line":44,"column":44}},{"start":{"line":44,"column":48},"end":{"line":44,"column":66}}]},"6":{"line":50,"type":"binary-expr","locations":[{"start":{"line":50,"column":21},"end":{"line":50,"column":49}},{"start":{"line":50,"column":53},"end":{"line":50,"column":72}}]},"7":{"line":64,"type":"switch","locations":[{"start":{"line":69,"column":4},"end":{"line":70,"column":14}},{"start":{"line":75,"column":4},"end":{"line":76,"column":14}}]},"8":{"line":85,"type":"switch","locations":[{"start":{"line":90,"column":4},"end":{"line":95,"column":14}},{"start":{"line":101,"column":4},"end":{"line":183,"column":14},"skip":true}]},"9":{"line":92,"type":"binary-expr","locations":[{"start":{"line":92,"column":18},"end":{"line":92,"column":32}},{"start":{"line":93,"column":12},"end":{"line":93,"column":53}},{"start":{"line":94,"column":12},"end":{"line":94,"column":61}}]},"10":{"line":102,"type":"binary-expr","locations":[{"start":{"line":102,"column":45},"end":{"line":102,"column":79},"skip":true},{"start":{"line":102,"column":83},"end":{"line":111,"column":9},"skip":true}]},"11":{"line":113,"type":"binary-expr","locations":[{"start":{"line":113,"column":42},"end":{"line":113,"column":73},"skip":true},{"start":{"line":113,"column":77},"end":{"line":126,"column":9},"skip":true}]},"12":{"line":128,"type":"binary-expr","locations":[{"start":{"line":128,"column":48},"end":{"line":128,"column":85},"skip":true},{"start":{"line":129,"column":12},"end":{"line":135,"column":13},"skip":true}]},"13":{"line":137,"type":"binary-expr","locations":[{"start":{"line":137,"column":42},"end":{"line":137,"column":73},"skip":true},{"start":{"line":137,"column":77},"end":{"line":146,"column":9},"skip":true}]},"14":{"line":148,"type":"binary-expr","locations":[{"start":{"line":148,"column":45},"end":{"line":148,"column":79},"skip":true},{"start":{"line":148,"column":83},"end":{"line":157,"column":9},"skip":true}]},"15":{"line":159,"type":"binary-expr","locations":[{"start":{"line":159,"column":43},"end":{"line":159,"column":75},"skip":true},{"start":{"line":159,"column":79},"end":{"line":168,"column":9},"skip":true}]},"16":{"line":170,"type":"binary-expr","locations":[{"start":{"line":170,"column":41},"end":{"line":170,"column":71},"skip":true},{"start":{"line":170,"column":75},"end":{"line":179,"column":9},"skip":true}]}},"code":["/* istanbul instrument in package npmtest_csvtojson */","/*jslint","    bitwise: true,","    browser: true,","    maxerr: 8,","    maxlen: 96,","    node: true,","    nomen: true,","    regexp: true,","    stupid: true","*/","(function () {","    'use strict';","    var local;","","","","    // run shared js-env code - pre-init","    (function () {","        // init local","        local = {};","        // init modeJs","        local.modeJs = (function () {","            try {","                return typeof navigator.userAgent === 'string' &&","                    typeof document.querySelector('body') === 'object' &&","                    typeof XMLHttpRequest.prototype.open === 'function' &&","                    'browser';","            } catch (errorCaughtBrowser) {","                return module.exports &&","                    typeof process.versions.node === 'string' &&","                    typeof require('http').createServer === 'function' &&","                    'node';","            }","        }());","        // init global","        local.global = local.modeJs === 'browser'","            ? window","            : global;","        switch (local.modeJs) {","        // re-init local from window.local","        case 'browser':","            local = local.global.utility2.objectSetDefault(","                local.global.utility2_rollup || local.global.local,","                local.global.utility2","            );","            break;","        // re-init local from example.js","        case 'node':","            local = (local.global.utility2_rollup || require('utility2'))","                .requireExampleJsFromReadme();","            break;","        }","        // export local","        local.global.local = local;","    }());","","","","    // run shared js-env code - function","    (function () {","        return;","    }());","    switch (local.modeJs) {","","","","    // run browser js-env code - function","    case 'browser':","        break;","","","","    // run node js-env code - function","    case 'node':","        break;","    }","","","","    // run shared js-env code - post-init","    (function () {","        return;","    }());","    switch (local.modeJs) {","","","","    // run browser js-env code - post-init","    case 'browser':","        // run tests","        local.nop(local.modeTest &&","            document.querySelector('#testRunButton1') &&","            document.querySelector('#testRunButton1').click());","        break;","","","","    // run node js-env code - post-init","    /* istanbul ignore next */","    case 'node':","        local.testCase_buildApidoc_default = local.testCase_buildApidoc_default || function (","            options,","            onError","        ) {","        /*","         * this function will test buildApidoc's default handling-behavior-behavior","         */","            options = { modulePathList: module.paths };","            local.buildApidoc(options, onError);","        };","","        local.testCase_buildApp_default = local.testCase_buildApp_default || function (","            options,","            onError","        ) {","        /*","         * this function will test buildApp's default handling-behavior-behavior","         */","            local.testCase_buildReadme_default(options, local.onErrorThrow);","            local.testCase_buildLib_default(options, local.onErrorThrow);","            local.testCase_buildTest_default(options, local.onErrorThrow);","            local.testCase_buildCustomOrg_default(options, local.onErrorThrow);","            options = [];","            local.buildApp(options, onError);","        };","","        local.testCase_buildCustomOrg_default = local.testCase_buildCustomOrg_default ||","            function (options, onError) {","            /*","             * this function will test buildCustomOrg's default handling-behavior","             */","                options = {};","                local.buildCustomOrg(options, onError);","            };","","        local.testCase_buildLib_default = local.testCase_buildLib_default || function (","            options,","            onError","        ) {","        /*","         * this function will test buildLib's default handling-behavior","         */","            options = {};","            local.buildLib(options, onError);","        };","","        local.testCase_buildReadme_default = local.testCase_buildReadme_default || function (","            options,","            onError","        ) {","        /*","         * this function will test buildReadme's default handling-behavior-behavior","         */","            options = {};","            local.buildReadme(options, onError);","        };","","        local.testCase_buildTest_default = local.testCase_buildTest_default || function (","            options,","            onError","        ) {","        /*","         * this function will test buildTest's default handling-behavior","         */","            options = {};","            local.buildTest(options, onError);","        };","","        local.testCase_webpage_default = local.testCase_webpage_default || function (","            options,","            onError","        ) {","        /*","         * this function will test webpage's default handling-behavior","         */","            options = { modeCoverageMerge: true, url: local.serverLocalHost + '?modeTest=1' };","            local.browserTest(options, onError);","        };","","        // run test-server","        local.testRunServer(local);","        break;","    }","}());",""],"l":{"12":2,"14":2,"19":2,"21":2,"23":2,"24":2,"25":2,"30":1,"37":2,"40":2,"43":1,"47":1,"50":1,"52":1,"55":2,"61":2,"62":2,"64":2,"70":1,"76":1,"82":2,"83":2,"85":2,"92":1,"95":1,"102":1,"109":1,"110":1,"113":1,"120":1,"121":1,"122":1,"123":1,"124":1,"125":1,"128":1,"133":2,"134":2,"137":1,"144":2,"145":2,"148":1,"155":2,"156":2,"159":1,"166":2,"167":2,"170":1,"177":1,"178":1,"182":1,"183":1}},"/home/travis/build/npmtest/node-npmtest-csvtojson/lib.npmtest_csvtojson.js":{"path":"/home/travis/build/npmtest/node-npmtest-csvtojson/lib.npmtest_csvtojson.js","s":{"1":2,"2":2,"3":2,"4":2,"5":2,"6":2,"7":2,"8":1,"9":2,"10":2,"11":2,"12":2,"13":1,"14":1,"15":1,"16":1},"b":{"1":[2,1,1,1],"2":[1,1,1,1],"3":[1,1],"4":[2,2],"5":[1,1]},"f":{"1":2,"2":2,"3":2},"fnMap":{"1":{"name":"(anonymous_1)","line":12,"loc":{"start":{"line":12,"column":1},"end":{"line":12,"column":13}}},"2":{"name":"(anonymous_2)","line":19,"loc":{"start":{"line":19,"column":5},"end":{"line":19,"column":17}}},"3":{"name":"(anonymous_3)","line":23,"loc":{"start":{"line":23,"column":24},"end":{"line":23,"column":36}}}},"statementMap":{"1":{"start":{"line":12,"column":0},"end":{"line":53,"column":5}},"2":{"start":{"line":14,"column":4},"end":{"line":14,"column":14}},"3":{"start":{"line":19,"column":4},"end":{"line":52,"column":9}},"4":{"start":{"line":21,"column":8},"end":{"line":21,"column":19}},"5":{"start":{"line":23,"column":8},"end":{"line":35,"column":13}},"6":{"start":{"line":24,"column":12},"end":{"line":34,"column":13}},"7":{"start":{"line":25,"column":16},"end":{"line":28,"column":30}},"8":{"start":{"line":30,"column":16},"end":{"line":33,"column":27}},"9":{"start":{"line":37,"column":8},"end":{"line":39,"column":21}},"10":{"start":{"line":41,"column":8},"end":{"line":41,"column":54}},"11":{"start":{"line":43,"column":8},"end":{"line":43,"column":54}},"12":{"start":{"line":45,"column":8},"end":{"line":51,"column":9}},"13":{"start":{"line":46,"column":12},"end":{"line":46,"column":60}},"14":{"start":{"line":48,"column":12},"end":{"line":48,"column":35}},"15":{"start":{"line":49,"column":12},"end":{"line":49,"column":49}},"16":{"start":{"line":50,"column":12},"end":{"line":50,"column":43}}},"branchMap":{"1":{"line":25,"type":"binary-expr","locations":[{"start":{"line":25,"column":23},"end":{"line":25,"column":62}},{"start":{"line":26,"column":20},"end":{"line":26,"column":70}},{"start":{"line":27,"column":20},"end":{"line":27,"column":71}},{"start":{"line":28,"column":20},"end":{"line":28,"column":29}}]},"2":{"line":30,"type":"binary-expr","locations":[{"start":{"line":30,"column":23},"end":{"line":30,"column":37}},{"start":{"line":31,"column":20},"end":{"line":31,"column":61}},{"start":{"line":32,"column":20},"end":{"line":32,"column":70}},{"start":{"line":33,"column":20},"end":{"line":33,"column":26}}]},"3":{"line":37,"type":"cond-expr","locations":[{"start":{"line":38,"column":14},"end":{"line":38,"column":20}},{"start":{"line":39,"column":14},"end":{"line":39,"column":20}}]},"4":{"line":41,"type":"binary-expr","locations":[{"start":{"line":41,"column":16},"end":{"line":41,"column":44}},{"start":{"line":41,"column":48},"end":{"line":41,"column":53}}]},"5":{"line":45,"type":"if","locations":[{"start":{"line":45,"column":8},"end":{"line":45,"column":8}},{"start":{"line":45,"column":8},"end":{"line":45,"column":8}}]}},"code":["/* istanbul instrument in package npmtest_csvtojson */","/*jslint","    bitwise: true,","    browser: true,","    maxerr: 8,","    maxlen: 96,","    node: true,","    nomen: true,","    regexp: true,","    stupid: true","*/","(function () {","    'use strict';","    var local;","","","","    // run shared js-env code - pre-init","    (function () {","        // init local","        local = {};","        // init modeJs","        local.modeJs = (function () {","            try {","                return typeof navigator.userAgent === 'string' &&","                    typeof document.querySelector('body') === 'object' &&","                    typeof XMLHttpRequest.prototype.open === 'function' &&","                    'browser';","            } catch (errorCaughtBrowser) {","                return module.exports &&","                    typeof process.versions.node === 'string' &&","                    typeof require('http').createServer === 'function' &&","                    'node';","            }","        }());","        // init global","        local.global = local.modeJs === 'browser'","            ? window","            : global;","        // init utility2_rollup","        local = local.global.utility2_rollup || local;","        // init lib","        local.local = local.npmtest_csvtojson = local;","        // init exports","        if (local.modeJs === 'browser') {","            local.global.utility2_npmtest_csvtojson = local;","        } else {","            module.exports = local;","            module.exports.__dirname = __dirname;","            module.exports.module = module;","        }","    }());","}());",""],"l":{"12":2,"14":2,"19":2,"21":2,"23":2,"24":2,"25":2,"30":1,"37":2,"41":2,"43":2,"45":2,"46":1,"48":1,"49":1,"50":1}},"/home/travis/build/npmtest/node-npmtest-csvtojson/example.js":{"path":"/home/travis/build/npmtest/node-npmtest-csvtojson/example.js","s":{"1":2,"2":2,"3":2,"4":2,"5":2,"6":2,"7":2,"8":1,"9":2,"10":2,"11":2,"12":2,"13":1,"14":2,"15":2,"16":2,"17":2,"18":2,"19":0,"20":2,"21":1,"22":1,"23":1,"24":1,"25":1,"26":0,"27":0,"28":1,"29":1,"30":2,"31":0,"32":0,"33":0,"34":1,"35":2,"36":2,"37":2,"38":2,"39":2,"40":2,"41":0,"42":2,"43":2,"44":2,"45":1,"46":3,"47":1,"48":1,"49":1,"50":1,"51":1,"52":1,"53":1,"54":1,"55":1,"56":1,"57":0,"58":1,"59":6,"60":6,"61":1,"62":2,"63":0,"64":2,"65":1,"66":1,"67":0,"68":0,"69":0,"70":0,"71":0,"72":0,"73":0,"74":0,"75":0,"76":0,"77":0,"78":0,"79":0,"80":0,"81":0,"82":0,"83":0},"b":{"1":[2,1,1,1],"2":[1,1,1,1],"3":[1,1],"4":[2,2],"5":[1,1],"6":[1,1],"7":[2,0],"8":[2,1,1,1,1,1],"9":[0,2,0],"10":[1,1],"11":[2,1,1],"12":[1,0],"13":[0,2],"14":[2,0,0,0,0,0,0],"15":[0,2],"16":[2,0],"17":[1,1],"18":[0,1],"19":[1,2,0,2],"20":[1,0],"21":[1,1],"22":[0,0],"23":[0,0],"24":[0,0],"25":[0,0],"26":[0,0],"27":[0,0],"28":[0,0]},"f":{"1":2,"2":2,"3":2,"4":2,"5":2,"6":2,"7":2,"8":2,"9":3,"10":1,"11":6,"12":0},"fnMap":{"1":{"name":"(anonymous_1)","line":26,"loc":{"start":{"line":26,"column":1},"end":{"line":26,"column":13}}},"2":{"name":"(anonymous_2)","line":33,"loc":{"start":{"line":33,"column":5},"end":{"line":33,"column":17}}},"3":{"name":"(anonymous_3)","line":37,"loc":{"start":{"line":37,"column":24},"end":{"line":37,"column":36}}},"4":{"name":"(anonymous_4)","line":69,"loc":{"start":{"line":69,"column":31},"end":{"line":69,"column":48}},"skip":true},"5":{"name":"(anonymous_5)","line":78,"loc":{"start":{"line":78,"column":26},"end":{"line":78,"column":45}},"skip":true},"6":{"name":"(anonymous_6)","line":123,"loc":{"start":{"line":123,"column":33},"end":{"line":123,"column":48}},"skip":true},"7":{"name":"(anonymous_7)","line":125,"loc":{"start":{"line":125,"column":27},"end":{"line":125,"column":39}},"skip":true},"8":{"name":"(anonymous_8)","line":133,"loc":{"start":{"line":133,"column":59},"end":{"line":133,"column":74}},"skip":true},"9":{"name":"(anonymous_9)","line":143,"loc":{"start":{"line":143,"column":45},"end":{"line":143,"column":62}},"skip":true},"10":{"name":"(anonymous_10)","line":144,"loc":{"start":{"line":144,"column":73},"end":{"line":144,"column":92}},"skip":true},"11":{"name":"(anonymous_11)","line":272,"loc":{"start":{"line":272,"column":51},"end":{"line":272,"column":77}},"skip":true},"12":{"name":"(anonymous_12)","line":314,"loc":{"start":{"line":314,"column":32},"end":{"line":314,"column":61}},"skip":true}},"statementMap":{"1":{"start":{"line":26,"column":0},"end":{"line":325,"column":5}},"2":{"start":{"line":28,"column":4},"end":{"line":28,"column":14}},"3":{"start":{"line":33,"column":4},"end":{"line":60,"column":9}},"4":{"start":{"line":35,"column":8},"end":{"line":35,"column":19}},"5":{"start":{"line":37,"column":8},"end":{"line":49,"column":13}},"6":{"start":{"line":38,"column":12},"end":{"line":48,"column":13}},"7":{"start":{"line":39,"column":16},"end":{"line":42,"column":30}},"8":{"start":{"line":44,"column":16},"end":{"line":47,"column":27}},"9":{"start":{"line":51,"column":8},"end":{"line":53,"column":21}},"10":{"start":{"line":55,"column":8},"end":{"line":57,"column":45}},"11":{"start":{"line":59,"column":8},"end":{"line":59,"column":35}},"12":{"start":{"line":61,"column":4},"end":{"line":324,"column":5}},"13":{"start":{"line":69,"column":8},"end":{"line":121,"column":10},"skip":true},"14":{"start":{"line":70,"column":12},"end":{"line":88,"column":13},"skip":true},"15":{"start":{"line":76,"column":16},"end":{"line":87,"column":19},"skip":true},"16":{"start":{"line":79,"column":20},"end":{"line":86,"column":21},"skip":true},"17":{"start":{"line":82,"column":24},"end":{"line":82,"column":43},"skip":true},"18":{"start":{"line":83,"column":24},"end":{"line":83,"column":30},"skip":true},"19":{"start":{"line":85,"column":24},"end":{"line":85,"column":49},"skip":true},"20":{"start":{"line":89,"column":12},"end":{"line":107,"column":13},"skip":true},"21":{"start":{"line":92,"column":16},"end":{"line":102,"column":17},"skip":true},"22":{"start":{"line":93,"column":20},"end":{"line":93,"column":86},"skip":true},"23":{"start":{"line":94,"column":20},"end":{"line":95,"column":45},"skip":true},"24":{"start":{"line":96,"column":20},"end":{"line":96,"column":42},"skip":true},"25":{"start":{"line":97,"column":20},"end":{"line":97,"column":48},"skip":true},"26":{"start":{"line":100,"column":20},"end":{"line":100,"column":85},"skip":true},"27":{"start":{"line":101,"column":20},"end":{"line":101,"column":96},"skip":true},"28":{"start":{"line":103,"column":16},"end":{"line":103,"column":22},"skip":true},"29":{"start":{"line":106,"column":16},"end":{"line":106,"column":22},"skip":true},"30":{"start":{"line":108,"column":12},"end":{"line":120,"column":13},"skip":true},"31":{"start":{"line":114,"column":16},"end":{"line":119,"column":17},"skip":true},"32":{"start":{"line":116,"column":20},"end":{"line":116,"column":78},"skip":true},"33":{"start":{"line":118,"column":20},"end":{"line":118,"column":47},"skip":true},"34":{"start":{"line":123,"column":8},"end":{"line":141,"column":11},"skip":true},"35":{"start":{"line":124,"column":12},"end":{"line":124,"column":54},"skip":true},"36":{"start":{"line":125,"column":12},"end":{"line":140,"column":14},"skip":true},"37":{"start":{"line":126,"column":16},"end":{"line":126,"column":28},"skip":true},"38":{"start":{"line":127,"column":16},"end":{"line":127,"column":69},"skip":true},"39":{"start":{"line":128,"column":16},"end":{"line":128,"column":75},"skip":true},"40":{"start":{"line":129,"column":16},"end":{"line":131,"column":17},"skip":true},"41":{"start":{"line":130,"column":20},"end":{"line":130,"column":27},"skip":true},"42":{"start":{"line":133,"column":16},"end":{"line":137,"column":36},"skip":true},"43":{"start":{"line":134,"column":20},"end":{"line":136,"column":55},"skip":true},"44":{"start":{"line":139,"column":16},"end":{"line":139,"column":57},"skip":true},"45":{"start":{"line":143,"column":8},"end":{"line":147,"column":11},"skip":true},"46":{"start":{"line":144,"column":12},"end":{"line":146,"column":15},"skip":true},"47":{"start":{"line":145,"column":16},"end":{"line":145,"column":70},"skip":true},"48":{"start":{"line":149,"column":8},"end":{"line":149,"column":31},"skip":true},"49":{"start":{"line":150,"column":8},"end":{"line":150,"column":14},"skip":true},"50":{"start":{"line":158,"column":8},"end":{"line":158,"column":31},"skip":true},"51":{"start":{"line":160,"column":8},"end":{"line":160,"column":33},"skip":true},"52":{"start":{"line":161,"column":8},"end":{"line":161,"column":37},"skip":true},"53":{"start":{"line":162,"column":8},"end":{"line":162,"column":35},"skip":true},"54":{"start":{"line":164,"column":8},"end":{"line":164,"column":50},"skip":true},"55":{"start":{"line":166,"column":8},"end":{"line":256,"column":2},"skip":true},"56":{"start":{"line":258,"column":8},"end":{"line":286,"column":9},"skip":true},"57":{"start":{"line":259,"column":12},"end":{"line":269,"column":14},"skip":true},"58":{"start":{"line":271,"column":12},"end":{"line":285,"column":19},"skip":true},"59":{"start":{"line":274,"column":20},"end":{"line":274,"column":35},"skip":true},"60":{"start":{"line":275,"column":20},"end":{"line":284,"column":21},"skip":true},"61":{"start":{"line":277,"column":24},"end":{"line":277,"column":64},"skip":true},"62":{"start":{"line":279,"column":24},"end":{"line":279,"column":40},"skip":true},"63":{"start":{"line":281,"column":24},"end":{"line":281,"column":40},"skip":true},"64":{"start":{"line":283,"column":24},"end":{"line":283,"column":39},"skip":true},"65":{"start":{"line":288,"column":8},"end":{"line":290,"column":9},"skip":true},"66":{"start":{"line":289,"column":12},"end":{"line":289,"column":18},"skip":true},"67":{"start":{"line":291,"column":8},"end":{"line":293,"column":54},"skip":true},"68":{"start":{"line":294,"column":8},"end":{"line":301,"column":37},"skip":true},"69":{"start":{"line":302,"column":8},"end":{"line":302,"column":82},"skip":true},"70":{"start":{"line":305,"column":8},"end":{"line":307,"column":9},"skip":true},"71":{"start":{"line":306,"column":12},"end":{"line":306,"column":82},"skip":true},"72":{"start":{"line":309,"column":8},"end":{"line":311,"column":9},"skip":true},"73":{"start":{"line":310,"column":12},"end":{"line":310,"column":18},"skip":true},"74":{"start":{"line":312,"column":8},"end":{"line":312,"column":54},"skip":true},"75":{"start":{"line":313,"column":8},"end":{"line":313,"column":69},"skip":true},"76":{"start":{"line":314,"column":8},"end":{"line":322,"column":36},"skip":true},"77":{"start":{"line":315,"column":12},"end":{"line":315,"column":61},"skip":true},"78":{"start":{"line":316,"column":12},"end":{"line":319,"column":13},"skip":true},"79":{"start":{"line":317,"column":16},"end":{"line":317,"column":75},"skip":true},"80":{"start":{"line":318,"column":16},"end":{"line":318,"column":23},"skip":true},"81":{"start":{"line":320,"column":12},"end":{"line":320,"column":38},"skip":true},"82":{"start":{"line":321,"column":12},"end":{"line":321,"column":27},"skip":true},"83":{"start":{"line":323,"column":8},"end":{"line":323,"column":14},"skip":true}},"branchMap":{"1":{"line":39,"type":"binary-expr","locations":[{"start":{"line":39,"column":23},"end":{"line":39,"column":62}},{"start":{"line":40,"column":20},"end":{"line":40,"column":70}},{"start":{"line":41,"column":20},"end":{"line":41,"column":71}},{"start":{"line":42,"column":20},"end":{"line":42,"column":29}}]},"2":{"line":44,"type":"binary-expr","locations":[{"start":{"line":44,"column":23},"end":{"line":44,"column":37}},{"start":{"line":45,"column":20},"end":{"line":45,"column":61}},{"start":{"line":46,"column":20},"end":{"line":46,"column":70}},{"start":{"line":47,"column":20},"end":{"line":47,"column":26}}]},"3":{"line":51,"type":"cond-expr","locations":[{"start":{"line":52,"column":14},"end":{"line":52,"column":20}},{"start":{"line":53,"column":14},"end":{"line":53,"column":20}}]},"4":{"line":55,"type":"binary-expr","locations":[{"start":{"line":55,"column":16},"end":{"line":55,"column":44}},{"start":{"line":55,"column":49},"end":{"line":57,"column":43}}]},"5":{"line":55,"type":"cond-expr","locations":[{"start":{"line":56,"column":14},"end":{"line":56,"column":53}},{"start":{"line":57,"column":14},"end":{"line":57,"column":43}}]},"6":{"line":61,"type":"switch","locations":[{"start":{"line":68,"column":4},"end":{"line":150,"column":14},"skip":true},{"start":{"line":156,"column":4},"end":{"line":323,"column":14},"skip":true}]},"7":{"line":70,"type":"if","locations":[{"start":{"line":70,"column":12},"end":{"line":70,"column":12},"skip":true},{"start":{"line":70,"column":12},"end":{"line":70,"column":12},"skip":true}]},"8":{"line":70,"type":"binary-expr","locations":[{"start":{"line":70,"column":16},"end":{"line":70,"column":22},"skip":true},{"start":{"line":70,"column":27},"end":{"line":70,"column":32},"skip":true},{"start":{"line":71,"column":20},"end":{"line":71,"column":39},"skip":true},{"start":{"line":72,"column":20},"end":{"line":72,"column":49},"skip":true},{"start":{"line":73,"column":20},"end":{"line":73,"column":58},"skip":true},{"start":{"line":74,"column":20},"end":{"line":74,"column":69},"skip":true}]},"9":{"line":79,"type":"switch","locations":[{"start":{"line":80,"column":20},"end":{"line":80,"column":33},"skip":true},{"start":{"line":81,"column":20},"end":{"line":83,"column":30},"skip":true},{"start":{"line":84,"column":20},"end":{"line":85,"column":49},"skip":true}]},"10":{"line":89,"type":"switch","locations":[{"start":{"line":90,"column":12},"end":{"line":103,"column":22},"skip":true},{"start":{"line":105,"column":12},"end":{"line":106,"column":22},"skip":true}]},"11":{"line":89,"type":"binary-expr","locations":[{"start":{"line":89,"column":20},"end":{"line":89,"column":25},"skip":true},{"start":{"line":89,"column":29},"end":{"line":89,"column":48},"skip":true},{"start":{"line":89,"column":52},"end":{"line":89,"column":74},"skip":true}]},"12":{"line":92,"type":"if","locations":[{"start":{"line":92,"column":16},"end":{"line":92,"column":16},"skip":true},{"start":{"line":92,"column":16},"end":{"line":92,"column":16},"skip":true}]},"13":{"line":108,"type":"if","locations":[{"start":{"line":108,"column":12},"end":{"line":108,"column":12},"skip":true},{"start":{"line":108,"column":12},"end":{"line":108,"column":12},"skip":true}]},"14":{"line":108,"type":"binary-expr","locations":[{"start":{"line":108,"column":16},"end":{"line":108,"column":61},"skip":true},{"start":{"line":108,"column":66},"end":{"line":108,"column":72},"skip":true},{"start":{"line":108,"column":77},"end":{"line":108,"column":82},"skip":true},{"start":{"line":109,"column":20},"end":{"line":109,"column":39},"skip":true},{"start":{"line":110,"column":20},"end":{"line":110,"column":49},"skip":true},{"start":{"line":111,"column":20},"end":{"line":111,"column":58},"skip":true},{"start":{"line":112,"column":20},"end":{"line":112,"column":68},"skip":true}]},"15":{"line":129,"type":"if","locations":[{"start":{"line":129,"column":16},"end":{"line":129,"column":16},"skip":true},{"start":{"line":129,"column":16},"end":{"line":129,"column":16},"skip":true}]},"16":{"line":134,"type":"cond-expr","locations":[{"start":{"line":135,"column":26},"end":{"line":135,"column":29},"skip":true},{"start":{"line":136,"column":26},"end":{"line":136,"column":54},"skip":true}]},"17":{"line":164,"type":"binary-expr","locations":[{"start":{"line":164,"column":27},"end":{"line":164,"column":43},"skip":true},{"start":{"line":164,"column":47},"end":{"line":164,"column":49},"skip":true}]},"18":{"line":258,"type":"if","locations":[{"start":{"line":258,"column":8},"end":{"line":258,"column":8},"skip":true},{"start":{"line":258,"column":8},"end":{"line":258,"column":8},"skip":true}]},"19":{"line":275,"type":"switch","locations":[{"start":{"line":276,"column":20},"end":{"line":277,"column":64},"skip":true},{"start":{"line":278,"column":20},"end":{"line":279,"column":40},"skip":true},{"start":{"line":280,"column":20},"end":{"line":281,"column":40},"skip":true},{"start":{"line":282,"column":20},"end":{"line":283,"column":39},"skip":true}]},"20":{"line":288,"type":"if","locations":[{"start":{"line":288,"column":8},"end":{"line":288,"column":8},"skip":true},{"start":{"line":288,"column":8},"end":{"line":288,"column":8},"skip":true}]},"21":{"line":288,"type":"binary-expr","locations":[{"start":{"line":288,"column":12},"end":{"line":288,"column":40},"skip":true},{"start":{"line":288,"column":44},"end":{"line":288,"column":67},"skip":true}]},"22":{"line":292,"type":"binary-expr","locations":[{"start":{"line":292,"column":12},"end":{"line":292,"column":50},"skip":true},{"start":{"line":293,"column":12},"end":{"line":293,"column":53},"skip":true}]},"23":{"line":295,"type":"binary-expr","locations":[{"start":{"line":295,"column":12},"end":{"line":295,"column":67},"skip":true},{"start":{"line":296,"column":12},"end":{"line":301,"column":36},"skip":true}]},"24":{"line":302,"type":"binary-expr","locations":[{"start":{"line":302,"column":43},"end":{"line":302,"column":75},"skip":true},{"start":{"line":302,"column":79},"end":{"line":302,"column":81},"skip":true}]},"25":{"line":305,"type":"if","locations":[{"start":{"line":305,"column":8},"end":{"line":305,"column":8},"skip":true},{"start":{"line":305,"column":8},"end":{"line":305,"column":8},"skip":true}]},"26":{"line":309,"type":"if","locations":[{"start":{"line":309,"column":8},"end":{"line":309,"column":8},"skip":true},{"start":{"line":309,"column":8},"end":{"line":309,"column":8},"skip":true}]},"27":{"line":312,"type":"binary-expr","locations":[{"start":{"line":312,"column":27},"end":{"line":312,"column":43},"skip":true},{"start":{"line":312,"column":47},"end":{"line":312,"column":53},"skip":true}]},"28":{"line":316,"type":"if","locations":[{"start":{"line":316,"column":12},"end":{"line":316,"column":12},"skip":true},{"start":{"line":316,"column":12},"end":{"line":316,"column":12},"skip":true}]}},"code":["/*","example.js","","quickstart example","","instruction","    1. save this script as example.js","    2. run the shell command:","        $ npm install npmtest-csvtojson && PORT=8081 node example.js","    3. play with the browser-demo on http://127.0.0.1:8081","*/","","","","/* istanbul instrument in package npmtest_csvtojson */","/*jslint","    bitwise: true,","    browser: true,","    maxerr: 8,","    maxlen: 96,","    node: true,","    nomen: true,","    regexp: true,","    stupid: true","*/","(function () {","    'use strict';","    var local;","","","","    // run shared js-env code - pre-init","    (function () {","        // init local","        local = {};","        // init modeJs","        local.modeJs = (function () {","            try {","                return typeof navigator.userAgent === 'string' &&","                    typeof document.querySelector('body') === 'object' &&","                    typeof XMLHttpRequest.prototype.open === 'function' &&","                    'browser';","            } catch (errorCaughtBrowser) {","                return module.exports &&","                    typeof process.versions.node === 'string' &&","                    typeof require('http').createServer === 'function' &&","                    'node';","            }","        }());","        // init global","        local.global = local.modeJs === 'browser'","            ? window","            : global;","        // init utility2_rollup","        local = local.global.utility2_rollup || (local.modeJs === 'browser'","            ? local.global.utility2_npmtest_csvtojson","            : global.utility2_moduleExports);","        // export local","        local.global.local = local;","    }());","    switch (local.modeJs) {","","","","    // post-init","    // run browser js-env code - post-init","    /* istanbul ignore next */","    case 'browser':","        local.testRunBrowser = function (event) {","            if (!event || (event &&","                    event.currentTarget &&","                    event.currentTarget.className &&","                    event.currentTarget.className.includes &&","                    event.currentTarget.className.includes('onreset'))) {","                // reset output","                Array.from(","                    document.querySelectorAll('body > .resettable')","                ).forEach(function (element) {","                    switch (element.tagName) {","                    case 'INPUT':","                    case 'TEXTAREA':","                        element.value = '';","                        break;","                    default:","                        element.textContent = '';","                    }","                });","            }","            switch (event && event.currentTarget && event.currentTarget.id) {","            case 'testRunButton1':","                // show tests","                if (document.querySelector('#testReportDiv1').style.display === 'none') {","                    document.querySelector('#testReportDiv1').style.display = 'block';","                    document.querySelector('#testRunButton1').textContent =","                        'hide internal test';","                    local.modeTest = true;","                    local.testRunDefault(local);","                // hide tests","                } else {","                    document.querySelector('#testReportDiv1').style.display = 'none';","                    document.querySelector('#testRunButton1').textContent = 'run internal test';","                }","                break;","            // custom-case","            default:","                break;","            }","            if (document.querySelector('#inputTextareaEval1') && (!event || (event &&","                    event.currentTarget &&","                    event.currentTarget.className &&","                    event.currentTarget.className.includes &&","                    event.currentTarget.className.includes('oneval')))) {","                // try to eval input-code","                try {","                    /*jslint evil: true*/","                    eval(document.querySelector('#inputTextareaEval1').value);","                } catch (errorCaught) {","                    console.error(errorCaught);","                }","            }","        };","        // log stderr and stdout to #outputTextareaStdout1","        ['error', 'log'].forEach(function (key) {","            console[key + '_original'] = console[key];","            console[key] = function () {","                var element;","                console[key + '_original'].apply(console, arguments);","                element = document.querySelector('#outputTextareaStdout1');","                if (!element) {","                    return;","                }","                // append text to #outputTextareaStdout1","                element.value += Array.from(arguments).map(function (arg) {","                    return typeof arg === 'string'","                        ? arg","                        : JSON.stringify(arg, null, 4);","                }).join(' ') + '\\n';","                // scroll textarea to bottom","                element.scrollTop = element.scrollHeight;","            };","        });","        // init event-handling","        ['change', 'click', 'keyup'].forEach(function (event) {","            Array.from(document.querySelectorAll('.on' + event)).forEach(function (element) {","                element.addEventListener(event, local.testRunBrowser);","            });","        });","        // run tests","        local.testRunBrowser();","        break;","","","","    // run node js-env code - post-init","    /* istanbul ignore next */","    case 'node':","        // export local","        module.exports = local;","        // require modules","        local.fs = require('fs');","        local.http = require('http');","        local.url = require('url');","        // init assets","        local.assetsDict = local.assetsDict || {};","        /* jslint-ignore-begin */","        local.assetsDict['/assets.index.template.html'] = '\\","<!doctype html>\\n\\","<html lang=\"en\">\\n\\","<head>\\n\\","<meta charset=\"UTF-8\">\\n\\","<meta name=\"viewport\" content=\"width=device-width, initial-scale=1\">\\n\\","<title>{{env.npm_package_name}} (v{{env.npm_package_version}})</title>\\n\\","<style>\\n\\","/*csslint\\n\\","    box-sizing: false,\\n\\","    universal-selector: false\\n\\","*/\\n\\","* {\\n\\","    box-sizing: border-box;\\n\\","}\\n\\","body {\\n\\","    background: #dde;\\n\\","    font-family: Arial, Helvetica, sans-serif;\\n\\","    margin: 2rem;\\n\\","}\\n\\","body > * {\\n\\","    margin-bottom: 1rem;\\n\\","}\\n\\",".utility2FooterDiv {\\n\\","    margin-top: 20px;\\n\\","    text-align: center;\\n\\","}\\n\\","</style>\\n\\","<style>\\n\\","/*csslint\\n\\","*/\\n\\","textarea {\\n\\","    font-family: monospace;\\n\\","    height: 10rem;\\n\\","    width: 100%;\\n\\","}\\n\\","textarea[readonly] {\\n\\","    background: #ddd;\\n\\","}\\n\\","</style>\\n\\","</head>\\n\\","<body>\\n\\","<!-- utility2-comment\\n\\","<div id=\"ajaxProgressDiv1\" style=\"background: #d00; height: 2px; left: 0; margin: 0; padding: 0; position: fixed; top: 0; transition: background 0.5s, width 1.5s; width: 25%;\"></div>\\n\\","utility2-comment -->\\n\\","<h1>\\n\\","<!-- utility2-comment\\n\\","    <a\\n\\","        {{#if env.npm_package_homepage}}\\n\\","        href=\"{{env.npm_package_homepage}}\"\\n\\","        {{/if env.npm_package_homepage}}\\n\\","        target=\"_blank\"\\n\\","    >\\n\\","utility2-comment -->\\n\\","        {{env.npm_package_name}} (v{{env.npm_package_version}})\\n\\","<!-- utility2-comment\\n\\","    </a>\\n\\","utility2-comment -->\\n\\","</h1>\\n\\","<h3>{{env.npm_package_description}}</h3>\\n\\","<!-- utility2-comment\\n\\","<h4><a download href=\"assets.app.js\">download standalone app</a></h4>\\n\\","<button class=\"onclick onreset\" id=\"testRunButton1\">run internal test</button><br>\\n\\","<div id=\"testReportDiv1\" style=\"display: none;\"></div>\\n\\","utility2-comment -->\\n\\","\\n\\","\\n\\","\\n\\","<label>stderr and stdout</label>\\n\\","<textarea class=\"resettable\" id=\"outputTextareaStdout1\" readonly></textarea>\\n\\","<!-- utility2-comment\\n\\","{{#if isRollup}}\\n\\","<script src=\"assets.app.js\"></script>\\n\\","{{#unless isRollup}}\\n\\","utility2-comment -->\\n\\","<script src=\"assets.utility2.rollup.js\"></script>\\n\\","<script src=\"jsonp.utility2._stateInit?callback=window.utility2._stateInit\"></script>\\n\\","<script src=\"assets.npmtest_csvtojson.rollup.js\"></script>\\n\\","<script src=\"assets.example.js\"></script>\\n\\","<script src=\"assets.test.js\"></script>\\n\\","<!-- utility2-comment\\n\\","{{/if isRollup}}\\n\\","utility2-comment -->\\n\\","<div class=\"utility2FooterDiv\">\\n\\","    [ this app was created with\\n\\","    <a href=\"https://github.com/kaizhu256/node-utility2\" target=\"_blank\">utility2</a>\\n\\","    ]\\n\\","</div>\\n\\","</body>\\n\\","</html>\\n\\","';","        /* jslint-ignore-end */","        if (local.templateRender) {","            local.assetsDict['/'] = local.templateRender(","                local.assetsDict['/assets.index.template.html'],","                {","                    env: local.objectSetDefault(local.env, {","                        npm_package_description: 'the greatest app in the world!',","                        npm_package_name: 'my-app',","                        npm_package_nameAlias: 'my_app',","                        npm_package_version: '0.0.1'","                    })","                }","            );","        } else {","            local.assetsDict['/'] = local.assetsDict['/assets.index.template.html']","                .replace((/\\{\\{env\\.(\\w+?)\\}\\}/g), function (match0, match1) {","                    // jslint-hack","                    String(match0);","                    switch (match1) {","                    case 'npm_package_description':","                        return 'the greatest app in the world!';","                    case 'npm_package_name':","                        return 'my-app';","                    case 'npm_package_nameAlias':","                        return 'my_app';","                    case 'npm_package_version':","                        return '0.0.1';","                    }","                });","        }","        // run the cli","        if (local.global.utility2_rollup || module !== require.main) {","            break;","        }","        local.assetsDict['/assets.example.js'] =","            local.assetsDict['/assets.example.js'] ||","            local.fs.readFileSync(__filename, 'utf8');","        local.assetsDict['/assets.npmtest_csvtojson.rollup.js'] =","            local.assetsDict['/assets.npmtest_csvtojson.rollup.js'] ||","            local.fs.readFileSync(","                // buildCustomOrg-hack","                local.npmtest_csvtojson.__dirname +","                    '/lib.npmtest_csvtojson.js',","                'utf8'","            ).replace((/^#!/), '//');","        local.assetsDict['/favicon.ico'] = local.assetsDict['/favicon.ico'] || '';","        // if $npm_config_timeout_exit exists,","        // then exit this process after $npm_config_timeout_exit ms","        if (Number(process.env.npm_config_timeout_exit)) {","            setTimeout(process.exit, Number(process.env.npm_config_timeout_exit));","        }","        // start server","        if (local.global.utility2_serverHttp1) {","            break;","        }","        process.env.PORT = process.env.PORT || '8081';","        console.error('server starting on port ' + process.env.PORT);","        local.http.createServer(function (request, response) {","            request.urlParsed = local.url.parse(request.url);","            if (local.assetsDict[request.urlParsed.pathname] !== undefined) {","                response.end(local.assetsDict[request.urlParsed.pathname]);","                return;","            }","            response.statusCode = 404;","            response.end();","        }).listen(process.env.PORT);","        break;","    }","}());",""],"l":{"26":2,"28":2,"33":2,"35":2,"37":2,"38":2,"39":2,"44":1,"51":2,"55":2,"59":2,"61":2,"69":1,"70":2,"76":2,"79":2,"82":2,"83":2,"85":1,"89":2,"92":1,"93":1,"94":1,"96":1,"97":1,"100":1,"101":1,"103":1,"106":1,"108":2,"114":1,"116":1,"118":1,"123":1,"124":2,"125":2,"126":2,"127":2,"128":2,"129":2,"130":1,"133":2,"134":2,"139":2,"143":1,"144":3,"145":1,"149":1,"150":1,"158":1,"160":1,"161":1,"162":1,"164":1,"166":1,"258":1,"259":1,"271":1,"274":6,"275":6,"277":1,"279":2,"281":1,"283":2,"288":1,"289":1,"291":1,"294":1,"302":1,"305":1,"306":1,"309":1,"310":1,"312":1,"313":1,"314":1,"315":1,"316":1,"317":1,"318":1,"320":1,"321":1,"323":1}},"/home/travis/build/npmtest/node-npmtest-csvtojson/node_modules/csvtojson/index.js":{"path":"/home/travis/build/npmtest/node-npmtest-csvtojson/node_modules/csvtojson/index.js","s":{"1":1},"b":{},"f":{},"fnMap":{},"statementMap":{"1":{"start":{"line":1,"column":0},"end":{"line":1,"column":47}}},"branchMap":{},"code":["module.exports = require(\"./libs/csv2json.js\");"],"l":{"1":1}},"/home/travis/build/npmtest/node-npmtest-csvtojson/node_modules/csvtojson/libs/csv2json.js":{"path":"/home/travis/build/npmtest/node-npmtest-csvtojson/node_modules/csvtojson/libs/csv2json.js","s":{"1":1,"2":1,"3":1},"b":{},"f":{},"fnMap":{},"statementMap":{"1":{"start":{"line":2,"column":0},"end":{"line":2,"column":38}},"2":{"start":{"line":5,"column":0},"end":{"line":5,"column":33}},"3":{"start":{"line":6,"column":0},"end":{"line":6,"column":52}}},"branchMap":{},"code":["//deprecated but leave it for backword compatibility","module.exports.core=require(\"./core\");","","//live apis","module.exports=require(\"./core\");","module.exports.interfaces = require(\"./interfaces\");",""],"l":{"2":1,"5":1,"6":1}},"/home/travis/build/npmtest/node-npmtest-csvtojson/node_modules/csvtojson/libs/core/index.js":{"path":"/home/travis/build/npmtest/node-npmtest-csvtojson/node_modules/csvtojson/libs/core/index.js","s":{"1":1,"2":1,"3":1,"4":0},"b":{},"f":{"1":0},"fnMap":{"1":{"name":"constructor","line":7,"loc":{"start":{"line":7,"column":0},"end":{"line":7,"column":35}}}},"statementMap":{"1":{"start":{"line":1,"column":0},"end":{"line":1,"column":27}},"2":{"start":{"line":2,"column":0},"end":{"line":2,"column":53}},"3":{"start":{"line":7,"column":0},"end":{"line":9,"column":1}},"4":{"start":{"line":8,"column":2},"end":{"line":8,"column":52}}},"branchMap":{},"code":["module.exports=constructor;","module.exports.Converter = require(\"./Converter.js\");","// module.exports.Parser = require(\"./parser.js\");","// module.exports.parserMgr = require(\"./parserMgr.js\");","","","function constructor(param,options){","  return new module.exports.Converter(param,options)","}"],"l":{"1":1,"2":1,"7":1,"8":0}},"/home/travis/build/npmtest/node-npmtest-csvtojson/node_modules/csvtojson/libs/core/Converter.js":{"path":"/home/travis/build/npmtest/node-npmtest-csvtojson/node_modules/csvtojson/libs/core/Converter.js","s":{"1":1,"2":1,"3":1,"4":1,"5":1,"6":1,"7":1,"8":1,"9":1,"10":1,"11":1,"12":1,"13":1,"14":0,"15":0,"16":0,"17":0,"18":0,"19":0,"20":0,"21":0,"22":0,"23":0,"24":0,"25":0,"26":0,"27":0,"28":0,"29":0,"30":0,"31":0,"32":0,"33":0,"34":0,"35":0,"36":0,"37":0,"38":0,"39":0,"40":0,"41":0,"42":0,"43":0,"44":0,"45":0,"46":0,"47":0,"48":0,"49":0,"50":0,"51":0,"52":0,"53":0,"54":0,"55":0,"56":1,"57":1,"58":0,"59":0,"60":0,"61":1,"62":0,"63":0,"64":0,"65":0,"66":0,"67":0,"68":0,"69":0,"70":0,"71":0,"72":1,"73":0,"74":1,"75":0,"76":1,"77":0,"78":0,"79":0,"80":0,"81":0,"82":0,"83":0,"84":0,"85":0,"86":0,"87":0,"88":0,"89":0,"90":0,"91":0,"92":0,"93":0,"94":0,"95":0,"96":0,"97":1,"98":0,"99":0,"100":0,"101":0,"102":0,"103":0,"104":0,"105":0,"106":1,"107":0,"108":0,"109":0,"110":0,"111":1,"112":0,"113":0,"114":1,"115":0,"116":0,"117":1,"118":0,"119":0,"120":0,"121":0,"122":0,"123":0,"124":0,"125":0,"126":0,"127":0,"128":0,"129":0,"130":0,"131":0,"132":0,"133":0,"134":0,"135":0,"136":0,"137":0,"138":0,"139":1,"140":0,"141":0,"142":0,"143":0,"144":0,"145":0,"146":0,"147":0,"148":0,"149":0,"150":0,"151":0,"152":0,"153":0,"154":0,"155":0,"156":0,"157":0,"158":0,"159":0,"160":1,"161":0,"162":0,"163":0,"164":0,"165":0,"166":1,"167":0,"168":0,"169":0,"170":0,"171":0,"172":0,"173":0,"174":0,"175":0,"176":0,"177":0,"178":0,"179":0,"180":0,"181":0,"182":0,"183":0,"184":0,"185":0,"186":0,"187":0,"188":0,"189":0,"190":0,"191":0,"192":0,"193":0,"194":0,"195":0,"196":0,"197":0,"198":0,"199":0,"200":1,"201":0,"202":1,"203":0,"204":1,"205":0,"206":0,"207":0,"208":0,"209":0,"210":0,"211":0,"212":0,"213":0,"214":0,"215":0,"216":0,"217":0,"218":0,"219":0,"220":1,"221":0,"222":0,"223":0,"224":0,"225":0,"226":0,"227":0,"228":0,"229":1,"230":0,"231":0,"232":0,"233":0,"234":0,"235":0,"236":0,"237":0,"238":0,"239":0,"240":0,"241":0,"242":1,"243":0,"244":0,"245":0,"246":0,"247":0,"248":0,"249":0,"250":0,"251":0,"252":0,"253":0,"254":1,"255":0,"256":0,"257":0,"258":0,"259":1,"260":0,"261":0,"262":1,"263":0,"264":0,"265":0,"266":0,"267":0,"268":0,"269":0,"270":1,"271":0,"272":0,"273":0,"274":0,"275":0,"276":0,"277":0,"278":0,"279":0,"280":0,"281":0,"282":1},"b":{"1":[0,0],"2":[0,0],"3":[0,0],"4":[0,0],"5":[0,0],"6":[0,0],"7":[0,0],"8":[0,0,0,0,0],"9":[0,0],"10":[0,0],"11":[0,0],"12":[0,0],"13":[0,0],"14":[0,0],"15":[0,0],"16":[0,0],"17":[0,0],"18":[0,0],"19":[0,0],"20":[0,0],"21":[0,0],"22":[0,0],"23":[0,0],"24":[0,0],"25":[0,0],"26":[0,0],"27":[0,0],"28":[0,0],"29":[0,0],"30":[0,0],"31":[0,0],"32":[0,0],"33":[0,0],"34":[0,0],"35":[0,0],"36":[0,0],"37":[0,0],"38":[0,0],"39":[0,0],"40":[0,0],"41":[0,0],"42":[0,0],"43":[0,0],"44":[0,0],"45":[0,0],"46":[0,0],"47":[0,0],"48":[0,0,0],"49":[0,0],"50":[0,0],"51":[0,0],"52":[0,0],"53":[0,0],"54":[0,0],"55":[0,0],"56":[0,0],"57":[0,0],"58":[0,0],"59":[0,0],"60":[0,0],"61":[0,0],"62":[0,0],"63":[0,0],"64":[0,0],"65":[0,0],"66":[0,0],"67":[0,0],"68":[0,0],"69":[0,0],"70":[0,0],"71":[0,0],"72":[0,0],"73":[0,0],"74":[0,0],"75":[0,0],"76":[0,0],"77":[0,0],"78":[0,0],"79":[0,0],"80":[0,0],"81":[0,0],"82":[0,0]},"f":{"1":0,"2":0,"3":0,"4":0,"5":0,"6":0,"7":0,"8":0,"9":0,"10":0,"11":0,"12":0,"13":0,"14":0,"15":0,"16":0,"17":0,"18":0,"19":0,"20":0,"21":0,"22":0,"23":0,"24":0,"25":0,"26":0,"27":0,"28":0,"29":0,"30":0,"31":0,"32":0,"33":0,"34":0,"35":0,"36":0,"37":0,"38":0,"39":0},"fnMap":{"1":{"name":"Converter","line":14,"loc":{"start":{"line":14,"column":0},"end":{"line":14,"column":36}}},"2":{"name":"(anonymous_2)","line":48,"loc":{"start":{"line":48,"column":19},"end":{"line":48,"column":31}}},"3":{"name":"emitDone","line":75,"loc":{"start":{"line":75,"column":0},"end":{"line":75,"column":24}}},"4":{"name":"(anonymous_4)","line":76,"loc":{"start":{"line":76,"column":9},"end":{"line":76,"column":24}}},"5":{"name":"(anonymous_5)","line":77,"loc":{"start":{"line":77,"column":21},"end":{"line":77,"column":33}}},"6":{"name":"(anonymous_6)","line":82,"loc":{"start":{"line":82,"column":33},"end":{"line":82,"column":63}}},"7":{"name":"(anonymous_7)","line":91,"loc":{"start":{"line":91,"column":27},"end":{"line":91,"column":40}}},"8":{"name":"(anonymous_8)","line":99,"loc":{"start":{"line":99,"column":34},"end":{"line":99,"column":50}}},"9":{"name":"(anonymous_9)","line":102,"loc":{"start":{"line":102,"column":37},"end":{"line":102,"column":50}}},"10":{"name":"(anonymous_10)","line":105,"loc":{"start":{"line":105,"column":34},"end":{"line":105,"column":54}}},"11":{"name":"(anonymous_11)","line":135,"loc":{"start":{"line":135,"column":39},"end":{"line":135,"column":66}}},"12":{"name":"(anonymous_12)","line":148,"loc":{"start":{"line":148,"column":33},"end":{"line":148,"column":45}}},"13":{"name":"(anonymous_13)","line":155,"loc":{"start":{"line":155,"column":33},"end":{"line":155,"column":49}}},"14":{"name":"(anonymous_14)","line":159,"loc":{"start":{"line":159,"column":34},"end":{"line":159,"column":50}}},"15":{"name":"(anonymous_15)","line":167,"loc":{"start":{"line":167,"column":36},"end":{"line":167,"column":60}}},"16":{"name":"(anonymous_16)","line":172,"loc":{"start":{"line":172,"column":76},"end":{"line":172,"column":106}}},"17":{"name":"(anonymous_17)","line":200,"loc":{"start":{"line":200,"column":34},"end":{"line":200,"column":58}}},"18":{"name":"(anonymous_18)","line":231,"loc":{"start":{"line":231,"column":36},"end":{"line":231,"column":54}}},"19":{"name":"(anonymous_19)","line":245,"loc":{"start":{"line":245,"column":33},"end":{"line":245,"column":46}}},"20":{"name":"(anonymous_20)","line":296,"loc":{"start":{"line":296,"column":36},"end":{"line":296,"column":56}}},"21":{"name":"(anonymous_21)","line":300,"loc":{"start":{"line":300,"column":37},"end":{"line":300,"column":65}}},"22":{"name":"(anonymous_22)","line":303,"loc":{"start":{"line":303,"column":29},"end":{"line":303,"column":43}}},"23":{"name":"(anonymous_23)","line":305,"loc":{"start":{"line":305,"column":17},"end":{"line":305,"column":29}}},"24":{"name":"(anonymous_24)","line":319,"loc":{"start":{"line":319,"column":42},"end":{"line":319,"column":54}}},"25":{"name":"(anonymous_25)","line":334,"loc":{"start":{"line":334,"column":36},"end":{"line":334,"column":48}}},"26":{"name":"(anonymous_26)","line":342,"loc":{"start":{"line":342,"column":27},"end":{"line":342,"column":39}}},"27":{"name":"(anonymous_27)","line":349,"loc":{"start":{"line":349,"column":29},"end":{"line":349,"column":45}}},"28":{"name":"(anonymous_28)","line":369,"loc":{"start":{"line":369,"column":31},"end":{"line":369,"column":55}}},"29":{"name":"(anonymous_29)","line":372,"loc":{"start":{"line":372,"column":24},"end":{"line":372,"column":36}}},"30":{"name":"(anonymous_30)","line":377,"loc":{"start":{"line":377,"column":22},"end":{"line":377,"column":39}}},"31":{"name":"(anonymous_31)","line":387,"loc":{"start":{"line":387,"column":33},"end":{"line":387,"column":59}}},"32":{"name":"(anonymous_32)","line":394,"loc":{"start":{"line":394,"column":29},"end":{"line":394,"column":45}}},"33":{"name":"(anonymous_33)","line":398,"loc":{"start":{"line":398,"column":33},"end":{"line":398,"column":58}}},"34":{"name":"(anonymous_34)","line":403,"loc":{"start":{"line":403,"column":26},"end":{"line":403,"column":38}}},"35":{"name":"(anonymous_35)","line":406,"loc":{"start":{"line":406,"column":19},"end":{"line":406,"column":31}}},"36":{"name":"(anonymous_36)","line":411,"loc":{"start":{"line":411,"column":35},"end":{"line":411,"column":56}}},"37":{"name":"(anonymous_37)","line":414,"loc":{"start":{"line":414,"column":12},"end":{"line":414,"column":24}}},"38":{"name":"(anonymous_38)","line":417,"loc":{"start":{"line":417,"column":28},"end":{"line":417,"column":43}}},"39":{"name":"(anonymous_39)","line":423,"loc":{"start":{"line":423,"column":21},"end":{"line":423,"column":36}}}},"statementMap":{"1":{"start":{"line":1,"column":0},"end":{"line":1,"column":27}},"2":{"start":{"line":2,"column":0},"end":{"line":2,"column":44}},"3":{"start":{"line":3,"column":0},"end":{"line":3,"column":23}},"4":{"start":{"line":4,"column":0},"end":{"line":4,"column":17}},"5":{"start":{"line":6,"column":0},"end":{"line":6,"column":37}},"6":{"start":{"line":7,"column":0},"end":{"line":7,"column":35}},"7":{"start":{"line":8,"column":0},"end":{"line":8,"column":37}},"8":{"start":{"line":9,"column":0},"end":{"line":9,"column":47}},"9":{"start":{"line":10,"column":0},"end":{"line":10,"column":55}},"10":{"start":{"line":11,"column":0},"end":{"line":11,"column":43}},"11":{"start":{"line":12,"column":0},"end":{"line":12,"column":37}},"12":{"start":{"line":13,"column":0},"end":{"line":13,"column":39}},"13":{"start":{"line":14,"column":0},"end":{"line":73,"column":1}},"14":{"start":{"line":15,"column":2},"end":{"line":15,"column":32}},"15":{"start":{"line":16,"column":2},"end":{"line":16,"column":28}},"16":{"start":{"line":17,"column":2},"end":{"line":17,"column":32}},"17":{"start":{"line":18,"column":2},"end":{"line":18,"column":22}},"18":{"start":{"line":19,"column":2},"end":{"line":19,"column":38}},"19":{"start":{"line":22,"column":2},"end":{"line":22,"column":23}},"20":{"start":{"line":23,"column":2},"end":{"line":23,"column":21}},"21":{"start":{"line":24,"column":2},"end":{"line":24,"column":22}},"22":{"start":{"line":25,"column":2},"end":{"line":25,"column":27}},"23":{"start":{"line":26,"column":2},"end":{"line":26,"column":21}},"24":{"start":{"line":29,"column":2},"end":{"line":32,"column":3}},"25":{"start":{"line":30,"column":4},"end":{"line":30,"column":30}},"26":{"start":{"line":31,"column":4},"end":{"line":31,"column":23}},"27":{"start":{"line":33,"column":2},"end":{"line":33,"column":22}},"28":{"start":{"line":34,"column":2},"end":{"line":34,"column":26}},"29":{"start":{"line":35,"column":2},"end":{"line":35,"column":27}},"30":{"start":{"line":36,"column":2},"end":{"line":36,"column":24}},"31":{"start":{"line":37,"column":2},"end":{"line":37,"column":30}},"32":{"start":{"line":38,"column":2},"end":{"line":38,"column":35}},"33":{"start":{"line":39,"column":2},"end":{"line":39,"column":28}},"34":{"start":{"line":40,"column":2},"end":{"line":40,"column":24}},"35":{"start":{"line":41,"column":2},"end":{"line":41,"column":27}},"36":{"start":{"line":42,"column":2},"end":{"line":42,"column":25}},"37":{"start":{"line":43,"column":2},"end":{"line":43,"column":24}},"38":{"start":{"line":45,"column":2},"end":{"line":45,"column":35}},"39":{"start":{"line":46,"column":2},"end":{"line":46,"column":33}},"40":{"start":{"line":47,"column":2},"end":{"line":47,"column":20}},"41":{"start":{"line":48,"column":2},"end":{"line":71,"column":15}},"42":{"start":{"line":49,"column":4},"end":{"line":51,"column":5}},"43":{"start":{"line":50,"column":6},"end":{"line":50,"column":73}},"44":{"start":{"line":52,"column":4},"end":{"line":54,"column":5}},"45":{"start":{"line":53,"column":6},"end":{"line":53,"column":71}},"46":{"start":{"line":55,"column":4},"end":{"line":57,"column":5}},"47":{"start":{"line":56,"column":6},"end":{"line":56,"column":60}},"48":{"start":{"line":58,"column":4},"end":{"line":60,"column":5}},"49":{"start":{"line":59,"column":6},"end":{"line":59,"column":58}},"50":{"start":{"line":61,"column":4},"end":{"line":63,"column":5}},"51":{"start":{"line":62,"column":6},"end":{"line":62,"column":141}},"52":{"start":{"line":64,"column":4},"end":{"line":67,"column":5}},"53":{"start":{"line":65,"column":6},"end":{"line":65,"column":97}},"54":{"start":{"line":68,"column":4},"end":{"line":68,"column":65}},"55":{"start":{"line":72,"column":2},"end":{"line":72,"column":14}},"56":{"start":{"line":74,"column":0},"end":{"line":74,"column":36}},"57":{"start":{"line":75,"column":0},"end":{"line":81,"column":1}},"58":{"start":{"line":76,"column":2},"end":{"line":80,"column":3}},"59":{"start":{"line":77,"column":4},"end":{"line":79,"column":6}},"60":{"start":{"line":78,"column":6},"end":{"line":78,"column":28}},"61":{"start":{"line":82,"column":0},"end":{"line":98,"column":2}},"62":{"start":{"line":83,"column":2},"end":{"line":88,"column":3}},"63":{"start":{"line":84,"column":4},"end":{"line":84,"column":24}},"64":{"start":{"line":85,"column":4},"end":{"line":87,"column":5}},"65":{"start":{"line":86,"column":6},"end":{"line":86,"column":35}},"66":{"start":{"line":89,"column":2},"end":{"line":89,"column":31}},"67":{"start":{"line":90,"column":2},"end":{"line":90,"column":18}},"68":{"start":{"line":91,"column":2},"end":{"line":97,"column":4}},"69":{"start":{"line":92,"column":4},"end":{"line":96,"column":5}},"70":{"start":{"line":93,"column":6},"end":{"line":93,"column":48}},"71":{"start":{"line":95,"column":6},"end":{"line":95,"column":11}},"72":{"start":{"line":99,"column":0},"end":{"line":101,"column":1}},"73":{"start":{"line":100,"column":2},"end":{"line":100,"column":36}},"74":{"start":{"line":102,"column":0},"end":{"line":104,"column":1}},"75":{"start":{"line":103,"column":2},"end":{"line":103,"column":26}},"76":{"start":{"line":105,"column":0},"end":{"line":134,"column":1}},"77":{"start":{"line":106,"column":2},"end":{"line":106,"column":26}},"78":{"start":{"line":107,"column":2},"end":{"line":109,"column":3}},"79":{"start":{"line":108,"column":4},"end":{"line":108,"column":27}},"80":{"start":{"line":110,"column":2},"end":{"line":110,"column":44}},"81":{"start":{"line":111,"column":2},"end":{"line":133,"column":3}},"82":{"start":{"line":112,"column":4},"end":{"line":114,"column":5}},"83":{"start":{"line":113,"column":6},"end":{"line":113,"column":78}},"84":{"start":{"line":115,"column":4},"end":{"line":129,"column":5}},"85":{"start":{"line":116,"column":6},"end":{"line":116,"column":38}},"86":{"start":{"line":118,"column":6},"end":{"line":128,"column":7}},"87":{"start":{"line":119,"column":8},"end":{"line":119,"column":57}},"88":{"start":{"line":120,"column":8},"end":{"line":120,"column":43}},"89":{"start":{"line":121,"column":8},"end":{"line":121,"column":71}},"90":{"start":{"line":122,"column":8},"end":{"line":122,"column":35}},"91":{"start":{"line":123,"column":8},"end":{"line":123,"column":41}},"92":{"start":{"line":124,"column":8},"end":{"line":124,"column":41}},"93":{"start":{"line":125,"column":8},"end":{"line":125,"column":13}},"94":{"start":{"line":127,"column":8},"end":{"line":127,"column":42}},"95":{"start":{"line":131,"column":4},"end":{"line":131,"column":42}},"96":{"start":{"line":132,"column":4},"end":{"line":132,"column":9}},"97":{"start":{"line":135,"column":0},"end":{"line":147,"column":1}},"98":{"start":{"line":136,"column":2},"end":{"line":136,"column":14}},"99":{"start":{"line":137,"column":2},"end":{"line":145,"column":3}},"100":{"start":{"line":138,"column":4},"end":{"line":138,"column":64}},"101":{"start":{"line":139,"column":4},"end":{"line":144,"column":5}},"102":{"start":{"line":140,"column":6},"end":{"line":140,"column":22}},"103":{"start":{"line":142,"column":6},"end":{"line":142,"column":24}},"104":{"start":{"line":143,"column":6},"end":{"line":143,"column":111}},"105":{"start":{"line":146,"column":2},"end":{"line":146,"column":12}},"106":{"start":{"line":148,"column":0},"end":{"line":154,"column":1}},"107":{"start":{"line":149,"column":2},"end":{"line":149,"column":43}},"108":{"start":{"line":150,"column":2},"end":{"line":153,"column":3}},"109":{"start":{"line":151,"column":4},"end":{"line":151,"column":33}},"110":{"start":{"line":152,"column":4},"end":{"line":152,"column":53}},"111":{"start":{"line":155,"column":0},"end":{"line":158,"column":1}},"112":{"start":{"line":156,"column":2},"end":{"line":156,"column":28}},"113":{"start":{"line":157,"column":2},"end":{"line":157,"column":14}},"114":{"start":{"line":159,"column":0},"end":{"line":162,"column":1}},"115":{"start":{"line":160,"column":2},"end":{"line":160,"column":29}},"116":{"start":{"line":161,"column":2},"end":{"line":161,"column":14}},"117":{"start":{"line":167,"column":0},"end":{"line":199,"column":1}},"118":{"start":{"line":168,"column":2},"end":{"line":168,"column":18}},"119":{"start":{"line":169,"column":2},"end":{"line":169,"column":21}},"120":{"start":{"line":170,"column":2},"end":{"line":170,"column":25}},"121":{"start":{"line":171,"column":2},"end":{"line":171,"column":35}},"122":{"start":{"line":172,"column":2},"end":{"line":193,"column":4}},"123":{"start":{"line":173,"column":4},"end":{"line":173,"column":37}},"124":{"start":{"line":174,"column":4},"end":{"line":191,"column":5}},"125":{"start":{"line":175,"column":6},"end":{"line":175,"column":27}},"126":{"start":{"line":176,"column":6},"end":{"line":176,"column":23}},"127":{"start":{"line":177,"column":6},"end":{"line":180,"column":7}},"128":{"start":{"line":178,"column":8},"end":{"line":178,"column":46}},"129":{"start":{"line":179,"column":8},"end":{"line":179,"column":44}},"130":{"start":{"line":181,"column":6},"end":{"line":181,"column":33}},"131":{"start":{"line":182,"column":6},"end":{"line":182,"column":39}},"132":{"start":{"line":184,"column":6},"end":{"line":190,"column":7}},"133":{"start":{"line":185,"column":8},"end":{"line":185,"column":41}},"134":{"start":{"line":186,"column":8},"end":{"line":189,"column":9}},"135":{"start":{"line":187,"column":10},"end":{"line":187,"column":31}},"136":{"start":{"line":188,"column":10},"end":{"line":188,"column":16}},"137":{"start":{"line":194,"column":2},"end":{"line":197,"column":5}},"138":{"start":{"line":198,"column":2},"end":{"line":198,"column":38}},"139":{"start":{"line":200,"column":0},"end":{"line":230,"column":1}},"140":{"start":{"line":201,"column":2},"end":{"line":201,"column":26}},"141":{"start":{"line":202,"column":2},"end":{"line":229,"column":3}},"142":{"start":{"line":203,"column":4},"end":{"line":203,"column":52}},"143":{"start":{"line":204,"column":4},"end":{"line":204,"column":39}},"144":{"start":{"line":205,"column":4},"end":{"line":218,"column":5}},"145":{"start":{"line":206,"column":6},"end":{"line":210,"column":7}},"146":{"start":{"line":207,"column":8},"end":{"line":207,"column":41}},"147":{"start":{"line":209,"column":8},"end":{"line":209,"column":29}},"148":{"start":{"line":212,"column":6},"end":{"line":212,"column":42}},"149":{"start":{"line":213,"column":6},"end":{"line":217,"column":7}},"150":{"start":{"line":214,"column":8},"end":{"line":214,"column":41}},"151":{"start":{"line":216,"column":8},"end":{"line":216,"column":36}},"152":{"start":{"line":219,"column":4},"end":{"line":221,"column":5}},"153":{"start":{"line":220,"column":6},"end":{"line":220,"column":39}},"154":{"start":{"line":222,"column":4},"end":{"line":222,"column":50}},"155":{"start":{"line":223,"column":4},"end":{"line":223,"column":28}},"156":{"start":{"line":224,"column":4},"end":{"line":224,"column":33}},"157":{"start":{"line":225,"column":4},"end":{"line":225,"column":33}},"158":{"start":{"line":226,"column":4},"end":{"line":226,"column":9}},"159":{"start":{"line":228,"column":4},"end":{"line":228,"column":9}},"160":{"start":{"line":231,"column":0},"end":{"line":243,"column":1}},"161":{"start":{"line":233,"column":2},"end":{"line":240,"column":3}},"162":{"start":{"line":234,"column":4},"end":{"line":234,"column":22}},"163":{"start":{"line":235,"column":4},"end":{"line":239,"column":5}},"164":{"start":{"line":236,"column":6},"end":{"line":236,"column":32}},"165":{"start":{"line":238,"column":6},"end":{"line":238,"column":25}},"166":{"start":{"line":245,"column":0},"end":{"line":294,"column":1}},"167":{"start":{"line":246,"column":2},"end":{"line":246,"column":22}},"168":{"start":{"line":247,"column":2},"end":{"line":247,"column":18}},"169":{"start":{"line":248,"column":2},"end":{"line":248,"column":22}},"170":{"start":{"line":249,"column":2},"end":{"line":249,"column":24}},"171":{"start":{"line":250,"column":2},"end":{"line":250,"column":23}},"172":{"start":{"line":251,"column":2},"end":{"line":255,"column":3}},"173":{"start":{"line":252,"column":4},"end":{"line":252,"column":23}},"174":{"start":{"line":254,"column":4},"end":{"line":254,"column":24}},"175":{"start":{"line":256,"column":2},"end":{"line":261,"column":3}},"176":{"start":{"line":257,"column":4},"end":{"line":257,"column":38}},"177":{"start":{"line":258,"column":4},"end":{"line":260,"column":5}},"178":{"start":{"line":259,"column":6},"end":{"line":259,"column":27}},"179":{"start":{"line":262,"column":2},"end":{"line":265,"column":3}},"180":{"start":{"line":263,"column":4},"end":{"line":263,"column":43}},"181":{"start":{"line":264,"column":4},"end":{"line":264,"column":21}},"182":{"start":{"line":266,"column":2},"end":{"line":268,"column":3}},"183":{"start":{"line":267,"column":4},"end":{"line":267,"column":40}},"184":{"start":{"line":269,"column":2},"end":{"line":274,"column":3}},"185":{"start":{"line":270,"column":4},"end":{"line":272,"column":5}},"186":{"start":{"line":271,"column":6},"end":{"line":271,"column":27}},"187":{"start":{"line":273,"column":4},"end":{"line":273,"column":32}},"188":{"start":{"line":275,"column":2},"end":{"line":277,"column":3}},"189":{"start":{"line":276,"column":4},"end":{"line":276,"column":37}},"190":{"start":{"line":278,"column":2},"end":{"line":280,"column":3}},"191":{"start":{"line":279,"column":4},"end":{"line":279,"column":55}},"192":{"start":{"line":281,"column":2},"end":{"line":283,"column":3}},"193":{"start":{"line":282,"column":4},"end":{"line":282,"column":25}},"194":{"start":{"line":284,"column":2},"end":{"line":293,"column":3}},"195":{"start":{"line":285,"column":4},"end":{"line":285,"column":26}},"196":{"start":{"line":287,"column":4},"end":{"line":292,"column":5}},"197":{"start":{"line":288,"column":6},"end":{"line":290,"column":7}},"198":{"start":{"line":289,"column":8},"end":{"line":289,"column":46}},"199":{"start":{"line":291,"column":6},"end":{"line":291,"column":81}},"200":{"start":{"line":296,"column":0},"end":{"line":298,"column":1}},"201":{"start":{"line":297,"column":2},"end":{"line":297,"column":11}},"202":{"start":{"line":300,"column":0},"end":{"line":302,"column":1}},"203":{"start":{"line":301,"column":2},"end":{"line":301,"column":14}},"204":{"start":{"line":303,"column":0},"end":{"line":326,"column":2}},"205":{"start":{"line":304,"column":2},"end":{"line":304,"column":18}},"206":{"start":{"line":305,"column":2},"end":{"line":314,"column":4}},"207":{"start":{"line":306,"column":4},"end":{"line":306,"column":46}},"208":{"start":{"line":307,"column":4},"end":{"line":309,"column":5}},"209":{"start":{"line":308,"column":6},"end":{"line":308,"column":37}},"210":{"start":{"line":310,"column":4},"end":{"line":310,"column":8}},"211":{"start":{"line":311,"column":4},"end":{"line":313,"column":5}},"212":{"start":{"line":312,"column":6},"end":{"line":312,"column":22}},"213":{"start":{"line":315,"column":2},"end":{"line":324,"column":3}},"214":{"start":{"line":316,"column":4},"end":{"line":318,"column":5}},"215":{"start":{"line":317,"column":6},"end":{"line":317,"column":43}},"216":{"start":{"line":319,"column":4},"end":{"line":321,"column":18}},"217":{"start":{"line":320,"column":6},"end":{"line":320,"column":27}},"218":{"start":{"line":323,"column":4},"end":{"line":323,"column":25}},"219":{"start":{"line":325,"column":2},"end":{"line":325,"column":9}},"220":{"start":{"line":334,"column":0},"end":{"line":348,"column":1}},"221":{"start":{"line":335,"column":2},"end":{"line":337,"column":3}},"222":{"start":{"line":336,"column":4},"end":{"line":336,"column":106}},"223":{"start":{"line":338,"column":2},"end":{"line":340,"column":3}},"224":{"start":{"line":339,"column":4},"end":{"line":339,"column":33}},"225":{"start":{"line":341,"column":2},"end":{"line":347,"column":3}},"226":{"start":{"line":342,"column":4},"end":{"line":344,"column":17}},"227":{"start":{"line":343,"column":6},"end":{"line":343,"column":21}},"228":{"start":{"line":346,"column":4},"end":{"line":346,"column":19}},"229":{"start":{"line":349,"column":0},"end":{"line":368,"column":2}},"230":{"start":{"line":350,"column":2},"end":{"line":365,"column":3}},"231":{"start":{"line":351,"column":4},"end":{"line":363,"column":5}},"232":{"start":{"line":352,"column":6},"end":{"line":362,"column":7}},"233":{"start":{"line":353,"column":8},"end":{"line":357,"column":9}},"234":{"start":{"line":354,"column":10},"end":{"line":354,"column":34}},"235":{"start":{"line":356,"column":10},"end":{"line":356,"column":32}},"236":{"start":{"line":358,"column":8},"end":{"line":358,"column":30}},"237":{"start":{"line":359,"column":13},"end":{"line":362,"column":7}},"238":{"start":{"line":360,"column":8},"end":{"line":360,"column":30}},"239":{"start":{"line":361,"column":8},"end":{"line":361,"column":30}},"240":{"start":{"line":364,"column":4},"end":{"line":364,"column":25}},"241":{"start":{"line":367,"column":2},"end":{"line":367,"column":31}},"242":{"start":{"line":369,"column":0},"end":{"line":386,"column":1}},"243":{"start":{"line":370,"column":2},"end":{"line":370,"column":25}},"244":{"start":{"line":371,"column":2},"end":{"line":371,"column":16}},"245":{"start":{"line":372,"column":2},"end":{"line":376,"column":5}},"246":{"start":{"line":373,"column":4},"end":{"line":375,"column":5}},"247":{"start":{"line":374,"column":6},"end":{"line":374,"column":19}},"248":{"start":{"line":377,"column":2},"end":{"line":384,"column":16}},"249":{"start":{"line":378,"column":4},"end":{"line":383,"column":5}},"250":{"start":{"line":379,"column":6},"end":{"line":379,"column":41}},"251":{"start":{"line":380,"column":6},"end":{"line":380,"column":20}},"252":{"start":{"line":382,"column":6},"end":{"line":382,"column":53}},"253":{"start":{"line":385,"column":2},"end":{"line":385,"column":14}},"254":{"start":{"line":387,"column":0},"end":{"line":393,"column":1}},"255":{"start":{"line":388,"column":2},"end":{"line":390,"column":3}},"256":{"start":{"line":389,"column":4},"end":{"line":389,"column":26}},"257":{"start":{"line":391,"column":2},"end":{"line":391,"column":24}},"258":{"start":{"line":392,"column":2},"end":{"line":392,"column":14}},"259":{"start":{"line":394,"column":0},"end":{"line":397,"column":1}},"260":{"start":{"line":395,"column":2},"end":{"line":395,"column":24}},"261":{"start":{"line":396,"column":2},"end":{"line":396,"column":14}},"262":{"start":{"line":398,"column":0},"end":{"line":410,"column":2}},"263":{"start":{"line":399,"column":2},"end":{"line":401,"column":3}},"264":{"start":{"line":400,"column":4},"end":{"line":400,"column":61}},"265":{"start":{"line":402,"column":2},"end":{"line":405,"column":3}},"266":{"start":{"line":403,"column":4},"end":{"line":404,"column":7}},"267":{"start":{"line":406,"column":2},"end":{"line":408,"column":15}},"268":{"start":{"line":407,"column":4},"end":{"line":407,"column":23}},"269":{"start":{"line":409,"column":2},"end":{"line":409,"column":14}},"270":{"start":{"line":411,"column":0},"end":{"line":430,"column":1}},"271":{"start":{"line":413,"column":2},"end":{"line":415,"column":3}},"272":{"start":{"line":414,"column":4},"end":{"line":414,"column":27}},"273":{"start":{"line":416,"column":2},"end":{"line":422,"column":3}},"274":{"start":{"line":417,"column":4},"end":{"line":421,"column":18}},"275":{"start":{"line":418,"column":6},"end":{"line":420,"column":7}},"276":{"start":{"line":419,"column":8},"end":{"line":419,"column":22}},"277":{"start":{"line":423,"column":2},"end":{"line":429,"column":16}},"278":{"start":{"line":424,"column":4},"end":{"line":424,"column":25}},"279":{"start":{"line":425,"column":4},"end":{"line":427,"column":5}},"280":{"start":{"line":426,"column":6},"end":{"line":426,"column":14}},"281":{"start":{"line":428,"column":4},"end":{"line":428,"column":12}},"282":{"start":{"line":432,"column":0},"end":{"line":432,"column":27}}},"branchMap":{"1":{"line":17,"type":"binary-expr","locations":[{"start":{"line":17,"column":18},"end":{"line":17,"column":25}},{"start":{"line":17,"column":29},"end":{"line":17,"column":31}}]},"2":{"line":29,"type":"if","locations":[{"start":{"line":29,"column":2},"end":{"line":29,"column":2}},{"start":{"line":29,"column":2},"end":{"line":29,"column":2}}]},"3":{"line":49,"type":"if","locations":[{"start":{"line":49,"column":4},"end":{"line":49,"column":4}},{"start":{"line":49,"column":4},"end":{"line":49,"column":4}}]},"4":{"line":52,"type":"if","locations":[{"start":{"line":52,"column":4},"end":{"line":52,"column":4}},{"start":{"line":52,"column":4},"end":{"line":52,"column":4}}]},"5":{"line":55,"type":"if","locations":[{"start":{"line":55,"column":4},"end":{"line":55,"column":4}},{"start":{"line":55,"column":4},"end":{"line":55,"column":4}}]},"6":{"line":58,"type":"if","locations":[{"start":{"line":58,"column":4},"end":{"line":58,"column":4}},{"start":{"line":58,"column":4},"end":{"line":58,"column":4}}]},"7":{"line":61,"type":"if","locations":[{"start":{"line":61,"column":4},"end":{"line":61,
[...]
ine":140,"column":2},"end":{"line":140,"column":20}},"82":{"start":{"line":142,"column":0},"end":{"line":144,"column":1}},"83":{"start":{"line":143,"column":2},"end":{"line":143,"column":17}},"84":{"start":{"line":145,"column":0},"end":{"line":148,"column":1}},"85":{"start":{"line":146,"column":2},"end":{"line":146,"column":37}}},"branchMap":{"1":{"line":40,"type":"if","locations":[{"start":{"line":40,"column":4},"end":{"line":40,"column":4}},{"start":{"line":40,"column":4},"end":{"line":40,"column":4}}]},"2":{"line":51,"type":"if","locations":[{"start":{"line":51,"column":8},"end":{"line":51,"column":8}},{"start":{"line":51,"column":8},"end":{"line":51,"column":8}}]},"3":{"line":51,"type":"binary-expr","locations":[{"start":{"line":51,"column":12},"end":{"line":51,"column":28}},{"start":{"line":51,"column":32},"end":{"line":51,"column":43}}]},"4":{"line":53,"type":"if","locations":[{"start":{"line":53,"column":14},"end":{"line":53,"column":14}},{"start":{"line":53,"column":14},"end":{"line":53,"column":14}}]},"5":{"line":105,"type":"if","locations":[{"start":{"line":105,"column":2},"end":{"line":105,"column":2}},{"start":{"line":105,"column":2},"end":{"line":105,"column":2}}]},"6":{"line":108,"type":"switch","locations":[{"start":{"line":109,"column":4},"end":{"line":116,"column":12}},{"start":{"line":117,"column":4},"end":{"line":133,"column":12}}]},"7":{"line":110,"type":"if","locations":[{"start":{"line":110,"column":6},"end":{"line":110,"column":6}},{"start":{"line":110,"column":6},"end":{"line":110,"column":6}}]},"8":{"line":118,"type":"if","locations":[{"start":{"line":118,"column":6},"end":{"line":118,"column":6}},{"start":{"line":118,"column":6},"end":{"line":118,"column":6}}]},"9":{"line":127,"type":"cond-expr","locations":[{"start":{"line":127,"column":22},"end":{"line":127,"column":59}},{"start":{"line":127,"column":60},"end":{"line":127,"column":64}}]}},"code":["module.exports=workerMgr;","var spawn=require(\"child_process\").spawn;","var eom=\"\\x03\"","var eom1=\"\\x0e\"","var eom2=\"\\x0f\"","var CSVError=require('./CSVError')","function workerMgr(){","","  var exports={","    initWorker:initWorker,","    sendWorker:sendWorker,","    setParams:setParams,","    drain:function(){},","    isRunning:isRunning,","    destroyWorker:destroyWorker","","  }","  var workers=[];","  var running=0;","  var waiting=null;","  function initWorker(num,params){","    workers=[];","    running=0;","    waiting=null;","    for (var i=0;i<num;i++){","      workers.push(new Worker(params));","    }","    ","  }","  function isRunning(){","    return running>0;","  }","  function destroyWorker(){","    workers.forEach(function(w){","      w.destroy();","    });","  }","","  function sendWorker(data,startIdx,transformCb,cbResult){","    if (workers.length>0){","      var worker=workers.shift();","      running++;","      worker.parse(data,startIdx,function(result){","        // var arr=JSON.parse(result);","        // arr.forEach(function(item){","        //   console.log('idx',item.index)","        // })","        workers.push(worker)","        cbResult(result,startIdx);","        running--;","        if (waiting === null && running===0){","          exports.drain();","        }else if (waiting){","          sendWorker.apply(this,waiting)","          waiting=null;","        }","      });","      process.nextTick(transformCb)","    }else{","      waiting=[data,startIdx,transformCb,cbResult];","    }","  }","","  function setParams(params){","    workers.forEach(function(w){","      w.setParams(params);","    });","  }","  return exports;","}","","function Worker(params){","  this.cp=spawn(process.execPath,[__dirname+\"/worker.js\"],{","    env:{","      child:true","    },","    stdio:['pipe','pipe',2,'ipc']","    // stdio:[0,1,2,'ipc']","  });","  this.setParams(params);","  this.cp.on(\"message\",this.onChildMsg.bind(this));","  this.buffer=\"\";","  var self=this;","  this.cp.stdout.on(\"data\",function(d){","    var str=d.toString(\"utf8\");","     var all=self.buffer+str;","      var cmdArr=all.split(eom)","      while (cmdArr.length >1){","        self.onChildMsg(cmdArr.shift());","      }","      self.buffer=cmdArr[0];","  })","}","","Worker.prototype.setParams=function(params){","  var msg=\"0\"+JSON.stringify(params);","  this.sendMsg(msg);","}","/**"," * msg is like:"," * <cmd><data>"," * cmd is from 0-9"," */","Worker.prototype.onChildMsg=function(msg){","  if (msg){","  var cmd=msg[0];","  var data=msg.substr(1);","  switch (cmd){","    case \"0\": //total line number of current chunk ","      if (this.cbLine){","        var sp=data.split(\"|\");","        var len=parseInt(sp[0]);","        var partial=sp[1];","        this.cbLine(len,partial);","      }","      break;","    case \"1\": // json array of current chunk","      if (this.cbResult){","        var rows=data.split(eom1);","        rows.pop();","        var res=[];","        rows.forEach(function(row){","          var sp=row.split(eom2);","          res.push({","            index:sp[0],","            row:sp[1],","            err:sp[2]?CSVError.fromArray(JSON.parse(sp[2])):null,","            json:sp[3]","          }) ","        })","        this.cbResult(res);","      }","      break;","  }","  }","}","Worker.prototype.parse=function(data,startIdx,cbResult){","  this.cbResult=cbResult;","  var msg=\"1\"+startIdx+\"|\"+data;","  this.sendMsg(msg);","}","Worker.prototype.destroy=function(){","  this.cp.kill();","}","Worker.prototype.sendMsg=function(msg){","  this.cp.stdin.write(msg+eom,\"utf8\")","  // this.cp.send(msg)","}"],"l":{"1":1,"2":1,"3":1,"4":1,"5":1,"6":1,"7":1,"9":0,"18":0,"19":0,"20":0,"21":1,"22":0,"23":0,"24":0,"25":0,"26":0,"30":1,"31":0,"33":1,"34":0,"35":0,"39":1,"40":0,"41":0,"42":0,"43":0,"48":0,"49":0,"50":0,"51":0,"52":0,"53":0,"54":0,"55":0,"58":0,"60":0,"64":1,"65":0,"66":0,"69":0,"72":1,"73":0,"80":0,"81":0,"82":0,"83":0,"84":0,"85":0,"86":0,"87":0,"88":0,"89":0,"91":0,"95":1,"96":0,"97":0,"104":1,"105":0,"106":0,"107":0,"108":0,"110":0,"111":0,"112":0,"113":0,"114":0,"116":0,"118":0,"119":0,"120":0,"121":0,"122":0,"123":0,"124":0,"131":0,"133":0,"137":1,"138":0,"139":0,"140":0,"142":1,"143":0,"145":1,"146":0}},"/home/travis/build/npmtest/node-npmtest-csvtojson/node_modules/csvtojson/libs/interfaces/index.js":{"path":"/home/travis/build/npmtest/node-npmtest-csvtojson/node_modules/csvtojson/libs/interfaces/index.js","s":{"1":1,"2":1},"b":{},"f":{},"fnMap":{},"statementMap":{"1":{"start":{"line":1,"column":0},"end":{"line":1,"column":36}},"2":{"start":{"line":2,"column":0},"end":{"line":2,"column":36}}},"branchMap":{},"code":["module.exports.web=require(\"./web\");","module.exports.cli=require(\"./cli\");"],"l":{"1":1,"2":1}},"/home/travis/build/npmtest/node-npmtest-csvtojson/node_modules/csvtojson/libs/interfaces/web/index.js":{"path":"/home/travis/build/npmtest/node-npmtest-csvtojson/node_modules/csvtojson/libs/interfaces/web/index.js","s":{"1":1},"b":{},"f":{},"fnMap":{},"statementMap":{"1":{"start":{"line":1,"column":0},"end":{"line":1,"column":43}}},"branchMap":{},"code":["module.exports = require(\"./webServer.js\");"],"l":{"1":1}},"/home/travis/build/npmtest/node-npmtest-csvtojson/node_modules/csvtojson/libs/interfaces/web/webServer.js":{"path":"/home/travis/build/npmtest/node-npmtest-csvtojson/node_modules/csvtojson/libs/interfaces/web/webServer.js","s":{"1":1,"2":1,"3":1,"4":0,"5":0,"6":0,"7":0,"8":0,"9":0,"10":0,"11":0,"12":0,"13":0,"14":0,"15":1},"b":{"1":[0,0],"2":[0,0],"3":[0,0],"4":[0,0],"5":[0,0]},"f":{"1":0,"2":0},"fnMap":{"1":{"name":"startWebServer","line":3,"loc":{"start":{"line":3,"column":0},"end":{"line":3,"column":31}}},"2":{"name":"(anonymous_2)","line":10,"loc":{"start":{"line":10,"column":25},"end":{"line":10,"column":43}}}},"statementMap":{"1":{"start":{"line":1,"column":0},"end":{"line":1,"column":27}},"2":{"start":{"line":2,"column":0},"end":{"line":2,"column":51}},"3":{"start":{"line":3,"column":0},"end":{"line":22,"column":1}},"4":{"start":{"line":4,"column":4},"end":{"line":4,"column":22}},"5":{"start":{"line":5,"column":4},"end":{"line":8,"column":6}},"6":{"start":{"line":9,"column":4},"end":{"line":9,"column":37}},"7":{"start":{"line":10,"column":4},"end":{"line":16,"column":7}},"8":{"start":{"line":11,"column":8},"end":{"line":15,"column":9}},"9":{"start":{"line":12,"column":12},"end":{"line":12,"column":71}},"10":{"start":{"line":14,"column":12},"end":{"line":14,"column":66}},"11":{"start":{"line":18,"column":4},"end":{"line":18,"column":35}},"12":{"start":{"line":19,"column":4},"end":{"line":19,"column":63}},"13":{"start":{"line":20,"column":4},"end":{"line":20,"column":83}},"14":{"start":{"line":21,"column":4},"end":{"line":21,"column":18}},"15":{"start":{"line":23,"column":0},"end":{"line":23,"column":47}}},"branchMap":{"1":{"line":4,"type":"binary-expr","locations":[{"start":{"line":4,"column":11},"end":{"line":4,"column":15}},{"start":{"line":4,"column":19},"end":{"line":4,"column":21}}]},"2":{"line":6,"type":"binary-expr","locations":[{"start":{"line":6,"column":14},"end":{"line":6,"column":23}},{"start":{"line":6,"column":27},"end":{"line":6,"column":33}}]},"3":{"line":7,"type":"binary-expr","locations":[{"start":{"line":7,"column":17},"end":{"line":7,"column":29}},{"start":{"line":7,"column":33},"end":{"line":7,"column":44}}]},"4":{"line":11,"type":"if","locations":[{"start":{"line":11,"column":8},"end":{"line":11,"column":8}},{"start":{"line":11,"column":8},"end":{"line":11,"column":8}}]},"5":{"line":11,"type":"binary-expr","locations":[{"start":{"line":11,"column":12},"end":{"line":11,"column":42}},{"start":{"line":11,"column":46},"end":{"line":11,"column":67}}]}},"code":["var http = require(\"http\");","var Converter = require(\"../../core/Converter.js\");","function startWebServer (args) {","    args = args || {};","    var serverArgs = {","        port: args.port || '8801',","        urlpath: args.urlpath || '/parseCSV'","    };","    var server = http.createServer();","    server.on(\"request\", function(req, res){","        if (req.url === serverArgs.urlpath && req.method === \"POST\"){","            req.pipe(new Converter({constructResult:false})).pipe(res);","        } else {","            res.end(\"Please post data to: \" + serverArgs.urlpath);","        }","    });","","    server.listen(serverArgs.port);","    console.log(\"CSV Web Server Listen On:\" + serverArgs.port);","    console.log(\"POST to \" + serverArgs.urlpath + \" with CSV data to get parsed.\");","    return server;","}","module.exports.startWebServer = startWebServer;",""],"l":{"1":1,"2":1,"3":1,"4":0,"5":0,"9":0,"10":0,"11":0,"12":0,"14":0,"18":0,"19":0,"20":0,"21":0,"23":1}},"/home/travis/build/npmtest/node-npmtest-csvtojson/node_modules/csvtojson/libs/interfaces/cli/index.js":{"path":"/home/travis/build/npmtest/node-npmtest-csvtojson/node_modules/csvtojson/libs/interfaces/cli/index.js","s":{"1":1},"b":{},"f":{},"fnMap":{},"statementMap":{"1":{"start":{"line":1,"column":0},"end":{"line":1,"column":38}}},"branchMap":{},"code":["module.exports = require(\"./main.js\");"],"l":{"1":1}},"/home/travis/build/npmtest/node-npmtest-csvtojson/node_modules/csvtojson/libs/interfaces/cli/main.js":{"path":"/home/travis/build/npmtest/node-npmtest-csvtojson/node_modules/csvtojson/libs/interfaces/cli/main.js","s":{"1":1,"2":1,"3":0,"4":0,"5":0,"6":0,"7":0,"8":0,"9":0,"10":0,"11":0,"12":0,"13":0,"14":0,"15":0,"16":0,"17":0,"18":0,"19":1,"20":0,"21":0,"22":1,"23":0,"24":0,"25":1,"26":1},"b":{"1":[0,0],"2":[0,0]},"f":{"1":0,"2":0,"3":0,"4":0,"5":0,"6":0},"fnMap":{"1":{"name":"_initConverter","line":7,"loc":{"start":{"line":7,"column":0},"end":{"line":7,"column":25}}},"2":{"name":"(anonymous_2)","line":11,"loc":{"start":{"line":11,"column":36},"end":{"line":11,"column":53}}},"3":{"name":"(anonymous_3)","line":22,"loc":{"start":{"line":22,"column":33},"end":{"line":22,"column":43}}},"4":{"name":"(anonymous_4)","line":25,"loc":{"start":{"line":25,"column":28},"end":{"line":25,"column":41}}},"5":{"name":"convertFile","line":31,"loc":{"start":{"line":31,"column":0},"end":{"line":31,"column":30}}},"6":{"name":"convertString","line":36,"loc":{"start":{"line":36,"column":0},"end":{"line":36,"column":33}}}},"statementMap":{"1":{"start":{"line":6,"column":0},"end":{"line":6,"column":51}},"2":{"start":{"line":7,"column":0},"end":{"line":30,"column":1}},"3":{"start":{"line":8,"column":4},"end":{"line":8,"column":39}},"4":{"start":{"line":9,"column":4},"end":{"line":9,"column":24}},"5":{"start":{"line":10,"column":4},"end":{"line":10,"column":37}},"6":{"start":{"line":11,"column":4},"end":{"line":19,"column":7}},"7":{"start":{"line":12,"column":8},"end":{"line":14,"column":9}},"8":{"start":{"line":13,"column":12},"end":{"line":13,"column":37}},"9":{"start":{"line":15,"column":8},"end":{"line":15,"column":51}},"10":{"start":{"line":16,"column":8},"end":{"line":18,"column":9}},"11":{"start":{"line":17,"column":12},"end":{"line":17,"column":27}},"12":{"start":{"line":20,"column":4},"end":{"line":20,"column":29}},"13":{"start":{"line":22,"column":4},"end":{"line":24,"column":7}},"14":{"start":{"line":23,"column":8},"end":{"line":23,"column":33}},"15":{"start":{"line":25,"column":4},"end":{"line":28,"column":7}},"16":{"start":{"line":26,"column":8},"end":{"line":26,"column":27}},"17":{"start":{"line":27,"column":8},"end":{"line":27,"column":25}},"18":{"start":{"line":29,"column":4},"end":{"line":29,"column":24}},"19":{"start":{"line":31,"column":0},"end":{"line":34,"column":1}},"20":{"start":{"line":32,"column":4},"end":{"line":32,"column":38}},"21":{"start":{"line":33,"column":4},"end":{"line":33,"column":32}},"22":{"start":{"line":36,"column":0},"end":{"line":39,"column":1}},"23":{"start":{"line":37,"column":4},"end":{"line":37,"column":38}},"24":{"start":{"line":38,"column":4},"end":{"line":38,"column":33}},"25":{"start":{"line":41,"column":0},"end":{"line":41,"column":41}},"26":{"start":{"line":42,"column":0},"end":{"line":42,"column":45}}},"branchMap":{"1":{"line":12,"type":"if","locations":[{"start":{"line":12,"column":8},"end":{"line":12,"column":8}},{"start":{"line":12,"column":8},"end":{"line":12,"column":8}}]},"2":{"line":16,"type":"if","locations":[{"start":{"line":16,"column":8},"end":{"line":16,"column":8}},{"start":{"line":16,"column":8},"end":{"line":16,"column":8}}]}},"code":["/**"," * Convert input to process stdout"," */","","//implementation","var Converter = require(\"../../core/Converter.js\");","function _initConverter(){","    var csvConverter = new Converter();","    var started = false;","    var writeStream = process.stdout;","    csvConverter.on(\"record_parsed\",function(rowJSON){","        if (started){","            writeStream.write(\",\\n\");","        }","        writeStream.write(JSON.stringify(rowJSON));  //write parsed JSON object one by one.","        if (started === false){","            started = true;","        }","    });","    writeStream.write(\"[\\n\"); //write array symbol","","    csvConverter.on(\"end_parsed\",function(){","        writeStream.write(\"\\n]\"); //end array symbol","    });","    csvConverter.on(\"error\",function(err){","        console.error(err);","        process.exit(-1);","    });","    return csvConverter;","}","function convertFile(fileName){","    var csvConverter=_initConverter();","    csvConverter.from(fileName);","}","","function convertString(csvString){","    var csvConverter=_initConverter();","    csvConverter.from(csvString);","}","//module interfaces","module.exports.convertFile = convertFile;","module.exports.convertString = convertString;"],"l":{"6":1,"7":1,"8":0,"9":0,"10":0,"11":0,"12":0,"13":0,"15":0,"16":0,"17":0,"20":0,"22":0,"23":0,"25":0,"26":0,"27":0,"29":0,"31":1,"32":0,"33":0,"36":1,"37":0,"38":0,"41":1,"42":1}},"/home/travis/build/npmtest/node-npmtest-csvtojson/node_modules/csvtojson/Gruntfile.js":{"path":"/home/travis/build/npmtest/node-npmtest-csvtojson/node_modules/csvtojson/Gruntfile.js","s":{"1":1,"2":0,"3":0,"4":0,"5":0,"6":0,"7":0,"8":0},"b":{},"f":{"1":0},"fnMap":{"1":{"name":"(anonymous_1)","line":16,"loc":{"start":{"line":16,"column":17},"end":{"line":16,"column":33}}}},"statementMap":{"1":{"start":{"line":16,"column":0},"end":{"line":87,"column":2}},"2":{"start":{"line":17,"column":2},"end":{"line":17,"column":37}},"3":{"start":{"line":18,"column":2},"end":{"line":18,"column":41}},"4":{"start":{"line":19,"column":2},"end":{"line":21,"column":4}},"5":{"start":{"line":22,"column":2},"end":{"line":83,"column":5}},"6":{"start":{"line":84,"column":2},"end":{"line":84,"column":43}},"7":{"start":{"line":85,"column":2},"end":{"line":85,"column":44}},"8":{"start":{"line":86,"column":2},"end":{"line":86,"column":74}}},"branchMap":{},"code":["/*","\tGRUNT instructions","\t1. ensure you have dependencies installed run `npm install` in the root directory of the repo to get dev dependencies","\t2. run `grunt` in root dir of the repo in a shell to get the watcher started","\t\tThe watcher looks at files. When a file is added or changed it passes the file through jshint","\t3. run `grunt test` to execute all unit tests and get output","\t4. run `grunt jshint` to pass all files through linter","","\tMADGE instructions","\t1. run `npm install -g madge` to get madge executable","\t2. Insure graphviz is installed and the bin folder is in your path.","\t3. run `madge -x \"node_modules|util|stream|os|assert|fs|http\" -i graph.png ./` to generate graph.png","\t\twhich is the dependency graph for the current build.","*/","","module.exports = function(grunt) {","  require('load-grunt-tasks')(grunt);","  grunt.loadTasks('./devops/grunt-wiki');","  var files = ['Gruntfile.js', 'libs/**/*.js', 'libs/**/**/*.js', 'test/*.js', 'bin/csvtojson',","    'bin/csvtojson.js', 'devops/*.js'","  ];","  grunt.initConfig({","    uglify: {","      client: {","        options: {","          mangle: true,","          banner:\"/*Automatically Generated. Do not modify.*/\\n\"","        },","        src: \"./dist/csvtojson.js\",","        dest: \"./dist/csvtojson.min.js\",","      }","    },","    browserify: {","      dist: {","        src: \"./browser_index.js\",","        dest: \"./dist/csvtojson.js\"","      }","    },","    jshint: {","      all: {","        src: files,","        options: {","          'globals': { // false makes global variable readonly true is read/write","            'describe': false,","            'it': false","          },","          // see the docs for full list of options http://jshint.com/docs/options/","          'bitwise': true,","          'curly': true,","          'eqeqeq': true,","          'forin': true,","          'freeze': true,","          'funcscope': true,","          'futurehostile': true,","          'latedef': false,","          'maxcomplexity': 10, // arbitrary but anything over 10 quickly becomes hard to think about","          'maxdepth': 3, // also arbitrary. Deeply nested functions should be refactored to use helper functions.","          'maxparams': 4, // arbitrary. Consider using an object literal instead of list of params.","          'nocomma': true,","          //'nonew': true, // In the future when all objects are refactored to avoid new.","          //'strict': true, // in the future when all functions are closer to adhering to strict.","          'notypeof': true,","          'undef': true,","          'unused': true,","          'node': true // defines node globals","        }","      }","    },","    mochaTest: {","      test: {","        src: [files[3]]","      }","    },","    watch: {","      files: files,","      tasks: ['newer:jshint:all', 'mochaTest'],","      options: {","        spawn: false,","        event: ['changed', 'added']","      }","    },","    wiki: {},","  });","  grunt.registerTask('default', ['watch']);","  grunt.registerTask('test', ['mochaTest']);","  grunt.registerTask(\"build:browser\",[\"browserify:dist\",\"uglify:client\"]);","};",""],"l":{"16":1,"17":0,"18":0,"19":0,"22":0,"84":0,"85":0,"86":0}}}